<?xml version="1.0" encoding="UTF-8" standalone="no"?>
<!DOCTYPE log SYSTEM "logger.dtd">
<log>
<record>
  <date>2019-10-21T12:45:26</date>
  <millis>1571651126146</millis>
  <sequence>0</sequence>
  <level>START</level>
  <class>com.kms.katalon.core.logging.XmlKeywordLogger</class>
  <method>startSuite</method>
  <thread>1</thread>
  <message>Start Test Suite : Test Suites/1</message>
  <nestedLevel>0</nestedLevel>
  <property name="name">1</property>
  <property name="description"></property>
  <property name="id">Test Suites/1</property>
</record>
<record>
  <date>2019-10-21T12:45:26</date>
  <millis>1571651126161</millis>
  <sequence>1</sequence>
  <level>RUN_DATA</level>
  <class>com.kms.katalon.core.logging.XmlKeywordLogger</class>
  <method>logMessage</method>
  <thread>1</thread>
  <message>hostName = vladi - DESKTOP-728KFTB</message>
  <nestedLevel>0</nestedLevel>
  <property name="hostName">vladi - DESKTOP-728KFTB</property>
</record>
<record>
  <date>2019-10-21T12:45:26</date>
  <millis>1571651126162</millis>
  <sequence>2</sequence>
  <level>RUN_DATA</level>
  <class>com.kms.katalon.core.logging.XmlKeywordLogger</class>
  <method>logMessage</method>
  <thread>1</thread>
  <message>os = Windows 10 64bit</message>
  <nestedLevel>0</nestedLevel>
  <property name="os">Windows 10 64bit</property>
</record>
<record>
  <date>2019-10-21T12:45:26</date>
  <millis>1571651126164</millis>
  <sequence>3</sequence>
  <level>RUN_DATA</level>
  <class>com.kms.katalon.core.logging.XmlKeywordLogger</class>
  <method>logMessage</method>
  <thread>1</thread>
  <message>hostAddress = 10.1.4.106</message>
  <nestedLevel>0</nestedLevel>
  <property name="hostAddress">10.1.4.106</property>
</record>
<record>
  <date>2019-10-21T12:45:26</date>
  <millis>1571651126165</millis>
  <sequence>4</sequence>
  <level>RUN_DATA</level>
  <class>com.kms.katalon.core.logging.XmlKeywordLogger</class>
  <method>logMessage</method>
  <thread>1</thread>
  <message>katalonVersion = 6.3.3.11</message>
  <nestedLevel>0</nestedLevel>
  <property name="katalonVersion">6.3.3.11</property>
</record>
<record>
  <date>2019-10-21T12:45:26</date>
  <millis>1571651126463</millis>
  <sequence>5</sequence>
  <level>START</level>
  <class>com.kms.katalon.core.logging.XmlKeywordLogger</class>
  <method>startTest</method>
  <thread>1</thread>
  <message>Start Test Case : Test Cases/User(GET_POST)</message>
  <nestedLevel>1</nestedLevel>
  <property name="name">Test Cases/User(GET_POST)</property>
  <property name="description"></property>
  <property name="id">Test Cases/User(GET_POST)</property>
  <property name="source">C:\\Users\\vladi\\Katalon Studio\\APITest\\Test Cases\\User(GET_POST).tc</property>
  <property name="tag"></property>
  <property name="isOptional">false</property>
</record>
<record>
  <date>2019-10-21T12:45:26</date>
  <millis>1571651126492</millis>
  <sequence>7</sequence>
  <level>INFO</level>
  <class>com.kms.katalon.core.logging.XmlKeywordLogger</class>
  <method>logMessage</method>
  <thread>1</thread>
  <message>Title = Test</message>
  <nestedLevel>1</nestedLevel>
</record>
<record>
  <date>2019-10-21T12:45:26</date>
  <millis>1571651126493</millis>
  <sequence>8</sequence>
  <level>INFO</level>
  <class>com.kms.katalon.core.logging.XmlKeywordLogger</class>
  <method>logMessage</method>
  <thread>1</thread>
  <message>author = Vla</message>
  <nestedLevel>1</nestedLevel>
</record>
<record>
  <date>2019-10-21T12:45:26</date>
  <millis>1571651126494</millis>
  <sequence>9</sequence>
  <level>INFO</level>
  <class>com.kms.katalon.core.logging.XmlKeywordLogger</class>
  <method>logMessage</method>
  <thread>1</thread>
  <message>Test = 1</message>
  <nestedLevel>1</nestedLevel>
</record>
<record>
  <date>2019-10-21T12:45:26</date>
  <millis>1571651126704</millis>
  <sequence>10</sequence>
  <level>START</level>
  <class>com.kms.katalon.core.logging.XmlKeywordLogger</class>
  <method>startKeyword</method>
  <thread>1</thread>
  <message>Start action : response = sendRequest(findTestObject(\&amp;quot;Object Repository/Create users\&amp;quot;))</message>
  <nestedLevel>1</nestedLevel>
  <property name="startLine">16</property>
  <property name="stepIndex">1</property>
</record>
<record>
  <date>2019-10-21T12:45:28</date>
  <millis>1571651128635</millis>
  <sequence>25</sequence>
  <level>INFO</level>
  <class>com.kms.katalon.core.logging.XmlKeywordLogger</class>
  <method>logMessage</method>
  <thread>1</thread>
  <message>HAR: C:\\Users\\vladi\\Katalon Studio\\APITest\\Reports\\20191021_124524\\1\\20191021_124524\\requests\\main\\0.har</message>
  <nestedLevel>1</nestedLevel>
  <property name="harId">074b4f43-a417-4cdb-bfb3-2a496c2b8e09</property>
</record>
<record>
  <date>2019-10-21T12:45:28</date>
  <millis>1571651128705</millis>
  <sequence>26</sequence>
  <level>PASSED</level>
  <class>com.kms.katalon.core.logging.XmlKeywordLogger</class>
  <method>logMessage</method>
  <thread>1</thread>
  <message>Send request successfully</message>
  <nestedLevel>1</nestedLevel>
</record>
<record>
  <date>2019-10-21T12:45:28</date>
  <millis>1571651128706</millis>
  <sequence>27</sequence>
  <level>END</level>
  <class>com.kms.katalon.core.logging.XmlKeywordLogger</class>
  <method>endKeyword</method>
  <thread>1</thread>
  <message>End action : response = sendRequest(findTestObject(\&amp;quot;Object Repository/Create users\&amp;quot;))</message>
  <nestedLevel>1</nestedLevel>
</record>
<record>
  <date>2019-10-21T12:45:28</date>
  <millis>1571651128706</millis>
  <sequence>28</sequence>
  <level>START</level>
  <class>com.kms.katalon.core.logging.XmlKeywordLogger</class>
  <method>startKeyword</method>
  <thread>1</thread>
  <message>Start action : verifyResponseStatusCode(response, 201)</message>
  <nestedLevel>1</nestedLevel>
  <property name="startLine">18</property>
  <property name="stepIndex">2</property>
</record>
<record>
  <date>2019-10-21T12:45:28</date>
  <millis>1571651128724</millis>
  <sequence>30</sequence>
  <level>PASSED</level>
  <class>com.kms.katalon.core.logging.XmlKeywordLogger</class>
  <method>logMessage</method>
  <thread>1</thread>
  <message>Verify response status code successfully</message>
  <nestedLevel>1</nestedLevel>
</record>
<record>
  <date>2019-10-21T12:45:28</date>
  <millis>1571651128725</millis>
  <sequence>31</sequence>
  <level>END</level>
  <class>com.kms.katalon.core.logging.XmlKeywordLogger</class>
  <method>endKeyword</method>
  <thread>1</thread>
  <message>End action : verifyResponseStatusCode(response, 201)</message>
  <nestedLevel>1</nestedLevel>
</record>
<record>
  <date>2019-10-21T12:45:28</date>
  <millis>1571651128726</millis>
  <sequence>32</sequence>
  <level>PASSED</level>
  <class>com.kms.katalon.core.logging.XmlKeywordLogger</class>
  <method>logMessage</method>
  <thread>1</thread>
  <message>Test Cases/User(GET_POST)</message>
  <nestedLevel>1</nestedLevel>
</record>
<record>
  <date>2019-10-21T12:45:28</date>
  <millis>1571651128726</millis>
  <sequence>33</sequence>
  <level>END</level>
  <class>com.kms.katalon.core.logging.XmlKeywordLogger</class>
  <method>endTest</method>
  <thread>1</thread>
  <message>End Test Case : Test Cases/User(GET_POST)</message>
  <nestedLevel>0</nestedLevel>
</record>
<record>
  <date>2019-10-21T12:45:28</date>
  <millis>1571651128766</millis>
  <sequence>34</sequence>
  <level>START</level>
  <class>com.kms.katalon.core.logging.XmlKeywordLogger</class>
  <method>startTest</method>
  <thread>1</thread>
  <message>Start Test Case : Test Cases/User(GET_POST)</message>
  <nestedLevel>1</nestedLevel>
  <property name="name">Test Cases/User(GET_POST)</property>
  <property name="description"></property>
  <property name="id">Test Cases/User(GET_POST)</property>
  <property name="source">C:\\Users\\vladi\\Katalon Studio\\APITest\\Test Cases\\User(GET_POST).tc</property>
  <property name="tag"></property>
  <property name="isOptional">false</property>
</record>
<record>
  <date>2019-10-21T12:45:28</date>
  <millis>1571651128774</millis>
  <sequence>36</sequence>
  <level>INFO</level>
  <class>com.kms.katalon.core.logging.XmlKeywordLogger</class>
  <method>logMessage</method>
  <thread>1</thread>
  <message>Title = Test1</message>
  <nestedLevel>1</nestedLevel>
</record>
<record>
  <date>2019-10-21T12:45:28</date>
  <millis>1571651128775</millis>
  <sequence>37</sequence>
  <level>INFO</level>
  <class>com.kms.katalon.core.logging.XmlKeywordLogger</class>
  <method>logMessage</method>
  <thread>1</thread>
  <message>author = Vlad</message>
  <nestedLevel>1</nestedLevel>
</record>
<record>
  <date>2019-10-21T12:45:28</date>
  <millis>1571651128775</millis>
  <sequence>38</sequence>
  <level>INFO</level>
  <class>com.kms.katalon.core.logging.XmlKeywordLogger</class>
  <method>logMessage</method>
  <thread>1</thread>
  <message>Test = 12</message>
  <nestedLevel>1</nestedLevel>
</record>
<record>
  <date>2019-10-21T12:45:28</date>
  <millis>1571651128778</millis>
  <sequence>39</sequence>
  <level>START</level>
  <class>com.kms.katalon.core.logging.XmlKeywordLogger</class>
  <method>startKeyword</method>
  <thread>1</thread>
  <message>Start action : response = sendRequest(findTestObject(\&amp;quot;Object Repository/Create users\&amp;quot;))</message>
  <nestedLevel>1</nestedLevel>
  <property name="startLine">16</property>
  <property name="stepIndex">1</property>
</record>
<record>
  <date>2019-10-21T12:45:29</date>
  <millis>1571651129096</millis>
  <sequence>54</sequence>
  <level>INFO</level>
  <class>com.kms.katalon.core.logging.XmlKeywordLogger</class>
  <method>logMessage</method>
  <thread>1</thread>
  <message>HAR: C:\\Users\\vladi\\Katalon Studio\\APITest\\Reports\\20191021_124524\\1\\20191021_124524\\requests\\main\\1.har</message>
  <nestedLevel>1</nestedLevel>
  <property name="harId">ae6167d8-99ee-4e0d-88da-c32e044d4ca7</property>
</record>
<record>
  <date>2019-10-21T12:45:29</date>
  <millis>1571651129101</millis>
  <sequence>55</sequence>
  <level>PASSED</level>
  <class>com.kms.katalon.core.logging.XmlKeywordLogger</class>
  <method>logMessage</method>
  <thread>1</thread>
  <message>Send request successfully</message>
  <nestedLevel>1</nestedLevel>
</record>
<record>
  <date>2019-10-21T12:45:29</date>
  <millis>1571651129102</millis>
  <sequence>56</sequence>
  <level>END</level>
  <class>com.kms.katalon.core.logging.XmlKeywordLogger</class>
  <method>endKeyword</method>
  <thread>1</thread>
  <message>End action : response = sendRequest(findTestObject(\&amp;quot;Object Repository/Create users\&amp;quot;))</message>
  <nestedLevel>1</nestedLevel>
</record>
<record>
  <date>2019-10-21T12:45:29</date>
  <millis>1571651129103</millis>
  <sequence>57</sequence>
  <level>START</level>
  <class>com.kms.katalon.core.logging.XmlKeywordLogger</class>
  <method>startKeyword</method>
  <thread>1</thread>
  <message>Start action : verifyResponseStatusCode(response, 201)</message>
  <nestedLevel>1</nestedLevel>
  <property name="startLine">18</property>
  <property name="stepIndex">2</property>
</record>
<record>
  <date>2019-10-21T12:45:29</date>
  <millis>1571651129110</millis>
  <sequence>59</sequence>
  <level>PASSED</level>
  <class>com.kms.katalon.core.logging.XmlKeywordLogger</class>
  <method>logMessage</method>
  <thread>1</thread>
  <message>Verify response status code successfully</message>
  <nestedLevel>1</nestedLevel>
</record>
<record>
  <date>2019-10-21T12:45:29</date>
  <millis>1571651129111</millis>
  <sequence>60</sequence>
  <level>END</level>
  <class>com.kms.katalon.core.logging.XmlKeywordLogger</class>
  <method>endKeyword</method>
  <thread>1</thread>
  <message>End action : verifyResponseStatusCode(response, 201)</message>
  <nestedLevel>1</nestedLevel>
</record>
<record>
  <date>2019-10-21T12:45:29</date>
  <millis>1571651129111</millis>
  <sequence>61</sequence>
  <level>PASSED</level>
  <class>com.kms.katalon.core.logging.XmlKeywordLogger</class>
  <method>logMessage</method>
  <thread>1</thread>
  <message>Test Cases/User(GET_POST)</message>
  <nestedLevel>1</nestedLevel>
</record>
<record>
  <date>2019-10-21T12:45:29</date>
  <millis>1571651129112</millis>
  <sequence>62</sequence>
  <level>END</level>
  <class>com.kms.katalon.core.logging.XmlKeywordLogger</class>
  <method>endTest</method>
  <thread>1</thread>
  <message>End Test Case : Test Cases/User(GET_POST)</message>
  <nestedLevel>0</nestedLevel>
</record>
<record>
  <date>2019-10-21T12:45:29</date>
  <millis>1571651129138</millis>
  <sequence>63</sequence>
  <level>START</level>
  <class>com.kms.katalon.core.logging.XmlKeywordLogger</class>
  <method>startTest</method>
  <thread>1</thread>
  <message>Start Test Case : Test Cases/User(GET_POST)</message>
  <nestedLevel>1</nestedLevel>
  <property name="name">Test Cases/User(GET_POST)</property>
  <property name="description"></property>
  <property name="id">Test Cases/User(GET_POST)</property>
  <property name="source">C:\\Users\\vladi\\Katalon Studio\\APITest\\Test Cases\\User(GET_POST).tc</property>
  <property name="tag"></property>
  <property name="isOptional">false</property>
</record>
<record>
  <date>2019-10-21T12:45:29</date>
  <millis>1571651129146</millis>
  <sequence>65</sequence>
  <level>INFO</level>
  <class>com.kms.katalon.core.logging.XmlKeywordLogger</class>
  <method>logMessage</method>
  <thread>1</thread>
  <message>Title = Test2</message>
  <nestedLevel>1</nestedLevel>
</record>
<record>
  <date>2019-10-21T12:45:29</date>
  <millis>1571651129146</millis>
  <sequence>66</sequence>
  <level>INFO</level>
  <class>com.kms.katalon.core.logging.XmlKeywordLogger</class>
  <method>logMessage</method>
  <thread>1</thread>
  <message>author = Not Vlad</message>
  <nestedLevel>1</nestedLevel>
</record>
<record>
  <date>2019-10-21T12:45:29</date>
  <millis>1571651129147</millis>
  <sequence>67</sequence>
  <level>INFO</level>
  <class>com.kms.katalon.core.logging.XmlKeywordLogger</class>
  <method>logMessage</method>
  <thread>1</thread>
  <message>Test = 13</message>
  <nestedLevel>1</nestedLevel>
</record>
<record>
  <date>2019-10-21T12:45:29</date>
  <millis>1571651129150</millis>
  <sequence>68</sequence>
  <level>START</level>
  <class>com.kms.katalon.core.logging.XmlKeywordLogger</class>
  <method>startKeyword</method>
  <thread>1</thread>
  <message>Start action : response = sendRequest(findTestObject(\&amp;quot;Object Repository/Create users\&amp;quot;))</message>
  <nestedLevel>1</nestedLevel>
  <property name="startLine">16</property>
  <property name="stepIndex">1</property>
</record>
<record>
  <date>2019-10-21T12:45:29</date>
  <millis>1571651129500</millis>
  <sequence>83</sequence>
  <level>INFO</level>
  <class>com.kms.katalon.core.logging.XmlKeywordLogger</class>
  <method>logMessage</method>
  <thread>1</thread>
  <message>HAR: C:\\Users\\vladi\\Katalon Studio\\APITest\\Reports\\20191021_124524\\1\\20191021_124524\\requests\\main\\2.har</message>
  <nestedLevel>1</nestedLevel>
  <property name="harId">baa19a3b-2d51-46d6-8d36-62898882fe0a</property>
</record>
<record>
  <date>2019-10-21T12:45:29</date>
  <millis>1571651129503</millis>
  <sequence>84</sequence>
  <level>PASSED</level>
  <class>com.kms.katalon.core.logging.XmlKeywordLogger</class>
  <method>logMessage</method>
  <thread>1</thread>
  <message>Send request successfully</message>
  <nestedLevel>1</nestedLevel>
</record>
<record>
  <date>2019-10-21T12:45:29</date>
  <millis>1571651129503</millis>
  <sequence>85</sequence>
  <level>END</level>
  <class>com.kms.katalon.core.logging.XmlKeywordLogger</class>
  <method>endKeyword</method>
  <thread>1</thread>
  <message>End action : response = sendRequest(findTestObject(\&amp;quot;Object Repository/Create users\&amp;quot;))</message>
  <nestedLevel>1</nestedLevel>
</record>
<record>
  <date>2019-10-21T12:45:29</date>
  <millis>1571651129504</millis>
  <sequence>86</sequence>
  <level>START</level>
  <class>com.kms.katalon.core.logging.XmlKeywordLogger</class>
  <method>startKeyword</method>
  <thread>1</thread>
  <message>Start action : verifyResponseStatusCode(response, 201)</message>
  <nestedLevel>1</nestedLevel>
  <property name="startLine">18</property>
  <property name="stepIndex">2</property>
</record>
<record>
  <date>2019-10-21T12:45:29</date>
  <millis>1571651129505</millis>
  <sequence>88</sequence>
  <level>PASSED</level>
  <class>com.kms.katalon.core.logging.XmlKeywordLogger</class>
  <method>logMessage</method>
  <thread>1</thread>
  <message>Verify response status code successfully</message>
  <nestedLevel>1</nestedLevel>
</record>
<record>
  <date>2019-10-21T12:45:29</date>
  <millis>1571651129505</millis>
  <sequence>89</sequence>
  <level>END</level>
  <class>com.kms.katalon.core.logging.XmlKeywordLogger</class>
  <method>endKeyword</method>
  <thread>1</thread>
  <message>End action : verifyResponseStatusCode(response, 201)</message>
  <nestedLevel>1</nestedLevel>
</record>
<record>
  <date>2019-10-21T12:45:29</date>
  <millis>1571651129507</millis>
  <sequence>90</sequence>
  <level>PASSED</level>
  <class>com.kms.katalon.core.logging.XmlKeywordLogger</class>
  <method>logMessage</method>
  <thread>1</thread>
  <message>Test Cases/User(GET_POST)</message>
  <nestedLevel>1</nestedLevel>
</record>
<record>
  <date>2019-10-21T12:45:29</date>
  <millis>1571651129507</millis>
  <sequence>91</sequence>
  <level>END</level>
  <class>com.kms.katalon.core.logging.XmlKeywordLogger</class>
  <method>endTest</method>
  <thread>1</thread>
  <message>End Test Case : Test Cases/User(GET_POST)</message>
  <nestedLevel>0</nestedLevel>
</record>
<record>
  <date>2019-10-21T12:45:29</date>
  <millis>1571651129528</millis>
  <sequence>92</sequence>
  <level>START</level>
  <class>com.kms.katalon.core.logging.XmlKeywordLogger</class>
  <method>startTest</method>
  <thread>1</thread>
  <message>Start Test Case : Test Cases/User(GET_POST)</message>
  <nestedLevel>1</nestedLevel>
  <property name="name">Test Cases/User(GET_POST)</property>
  <property name="description"></property>
  <property name="id">Test Cases/User(GET_POST)</property>
  <property name="source">C:\\Users\\vladi\\Katalon Studio\\APITest\\Test Cases\\User(GET_POST).tc</property>
  <property name="tag"></property>
  <property name="isOptional">false</property>
</record>
<record>
  <date>2019-10-21T12:45:29</date>
  <millis>1571651129537</millis>
  <sequence>94</sequence>
  <level>INFO</level>
  <class>com.kms.katalon.core.logging.XmlKeywordLogger</class>
  <method>logMessage</method>
  <thread>1</thread>
  <message>Title = Trest3</message>
  <nestedLevel>1</nestedLevel>
</record>
<record>
  <date>2019-10-21T12:45:29</date>
  <millis>1571651129582</millis>
  <sequence>99</sequence>
  <level>INFO</level>
  <class>com.kms.katalon.core.logging.XmlKeywordLogger</class>
  <method>logMessage</method>
  <thread>1</thread>
  <message>(Default) author = Vla</message>
  <nestedLevel>1</nestedLevel>
</record>
<record>
  <date>2019-10-21T12:45:29</date>
  <millis>1571651129582</millis>
  <sequence>100</sequence>
  <level>INFO</level>
  <class>com.kms.katalon.core.logging.XmlKeywordLogger</class>
  <method>logMessage</method>
  <thread>1</thread>
  <message>Test = 14</message>
  <nestedLevel>1</nestedLevel>
</record>
<record>
  <date>2019-10-21T12:45:29</date>
  <millis>1571651129593</millis>
  <sequence>101</sequence>
  <level>START</level>
  <class>com.kms.katalon.core.logging.XmlKeywordLogger</class>
  <method>startKeyword</method>
  <thread>1</thread>
  <message>Start action : response = sendRequest(findTestObject(\&amp;quot;Object Repository/Create users\&amp;quot;))</message>
  <nestedLevel>1</nestedLevel>
  <property name="startLine">16</property>
  <property name="stepIndex">1</property>
</record>
<record>
  <date>2019-10-21T12:45:29</date>
  <millis>1571651129902</millis>
  <sequence>116</sequence>
  <level>INFO</level>
  <class>com.kms.katalon.core.logging.XmlKeywordLogger</class>
  <method>logMessage</method>
  <thread>1</thread>
  <message>HAR: C:\\Users\\vladi\\Katalon Studio\\APITest\\Reports\\20191021_124524\\1\\20191021_124524\\requests\\main\\3.har</message>
  <nestedLevel>1</nestedLevel>
  <property name="harId">03632287-70fb-4995-a3d8-806c49adf714</property>
</record>
<record>
  <date>2019-10-21T12:45:29</date>
  <millis>1571651129903</millis>
  <sequence>117</sequence>
  <level>PASSED</level>
  <class>com.kms.katalon.core.logging.XmlKeywordLogger</class>
  <method>logMessage</method>
  <thread>1</thread>
  <message>Send request successfully</message>
  <nestedLevel>1</nestedLevel>
</record>
<record>
  <date>2019-10-21T12:45:29</date>
  <millis>1571651129904</millis>
  <sequence>118</sequence>
  <level>END</level>
  <class>com.kms.katalon.core.logging.XmlKeywordLogger</class>
  <method>endKeyword</method>
  <thread>1</thread>
  <message>End action : response = sendRequest(findTestObject(\&amp;quot;Object Repository/Create users\&amp;quot;))</message>
  <nestedLevel>1</nestedLevel>
</record>
<record>
  <date>2019-10-21T12:45:29</date>
  <millis>1571651129904</millis>
  <sequence>119</sequence>
  <level>START</level>
  <class>com.kms.katalon.core.logging.XmlKeywordLogger</class>
  <method>startKeyword</method>
  <thread>1</thread>
  <message>Start action : verifyResponseStatusCode(response, 201)</message>
  <nestedLevel>1</nestedLevel>
  <property name="startLine">18</property>
  <property name="stepIndex">2</property>
</record>
<record>
  <date>2019-10-21T12:45:29</date>
  <millis>1571651129905</millis>
  <sequence>121</sequence>
  <level>PASSED</level>
  <class>com.kms.katalon.core.logging.XmlKeywordLogger</class>
  <method>logMessage</method>
  <thread>1</thread>
  <message>Verify response status code successfully</message>
  <nestedLevel>1</nestedLevel>
</record>
<record>
  <date>2019-10-21T12:45:29</date>
  <millis>1571651129906</millis>
  <sequence>122</sequence>
  <level>END</level>
  <class>com.kms.katalon.core.logging.XmlKeywordLogger</class>
  <method>endKeyword</method>
  <thread>1</thread>
  <message>End action : verifyResponseStatusCode(response, 201)</message>
  <nestedLevel>1</nestedLevel>
</record>
<record>
  <date>2019-10-21T12:45:29</date>
  <millis>1571651129906</millis>
  <sequence>123</sequence>
  <level>PASSED</level>
  <class>com.kms.katalon.core.logging.XmlKeywordLogger</class>
  <method>logMessage</method>
  <thread>1</thread>
  <message>Test Cases/User(GET_POST)</message>
  <nestedLevel>1</nestedLevel>
</record>
<record>
  <date>2019-10-21T12:45:29</date>
  <millis>1571651129906</millis>
  <sequence>124</sequence>
  <level>END</level>
  <class>com.kms.katalon.core.logging.XmlKeywordLogger</class>
  <method>endTest</method>
  <thread>1</thread>
  <message>End Test Case : Test Cases/User(GET_POST)</message>
  <nestedLevel>0</nestedLevel>
</record>
<record>
  <date>2019-10-21T12:45:29</date>
  <millis>1571651129918</millis>
  <sequence>125</sequence>
  <level>START</level>
  <class>com.kms.katalon.core.logging.XmlKeywordLogger</class>
  <method>startTest</method>
  <thread>1</thread>
  <message>Start Test Case : Test Cases/User(GET_POST)</message>
  <nestedLevel>1</nestedLevel>
  <property name="name">Test Cases/User(GET_POST)</property>
  <property name="description"></property>
  <property name="id">Test Cases/User(GET_POST)</property>
  <property name="source">C:\\Users\\vladi\\Katalon Studio\\APITest\\Test Cases\\User(GET_POST).tc</property>
  <property name="tag"></property>
  <property name="isOptional">false</property>
</record>
<record>
  <date>2019-10-21T12:45:30</date>
  <millis>1571651130003</millis>
  <sequence>131</sequence>
  <level>INFO</level>
  <class>com.kms.katalon.core.logging.XmlKeywordLogger</class>
  <method>logMessage</method>
  <thread>1</thread>
  <message>(Default) Title = Test</message>
  <nestedLevel>1</nestedLevel>
</record>
<record>
  <date>2019-10-21T12:45:30</date>
  <millis>1571651130042</millis>
  <sequence>136</sequence>
  <level>INFO</level>
  <class>com.kms.katalon.core.logging.XmlKeywordLogger</class>
  <method>logMessage</method>
  <thread>1</thread>
  <message>(Default) author = Vla</message>
  <nestedLevel>1</nestedLevel>
</record>
<record>
  <date>2019-10-21T12:45:30</date>
  <millis>1571651130043</millis>
  <sequence>137</sequence>
  <level>INFO</level>
  <class>com.kms.katalon.core.logging.XmlKeywordLogger</class>
  <method>logMessage</method>
  <thread>1</thread>
  <message>Test = 15</message>
  <nestedLevel>1</nestedLevel>
</record>
<record>
  <date>2019-10-21T12:45:30</date>
  <millis>1571651130045</millis>
  <sequence>138</sequence>
  <level>START</level>
  <class>com.kms.katalon.core.logging.XmlKeywordLogger</class>
  <method>startKeyword</method>
  <thread>1</thread>
  <message>Start action : response = sendRequest(findTestObject(\&amp;quot;Object Repository/Create users\&amp;quot;))</message>
  <nestedLevel>1</nestedLevel>
  <property name="startLine">16</property>
  <property name="stepIndex">1</property>
</record>
<record>
  <date>2019-10-21T12:45:30</date>
  <millis>1571651130263</millis>
  <sequence>153</sequence>
  <level>INFO</level>
  <class>com.kms.katalon.core.logging.XmlKeywordLogger</class>
  <method>logMessage</method>
  <thread>1</thread>
  <message>HAR: C:\\Users\\vladi\\Katalon Studio\\APITest\\Reports\\20191021_124524\\1\\20191021_124524\\requests\\main\\4.har</message>
  <nestedLevel>1</nestedLevel>
  <property name="harId">4e21b16f-1192-4f65-bf61-dc90f98b3cc4</property>
</record>
<record>
  <date>2019-10-21T12:45:30</date>
  <millis>1571651130266</millis>
  <sequence>154</sequence>
  <level>PASSED</level>
  <class>com.kms.katalon.core.logging.XmlKeywordLogger</class>
  <method>logMessage</method>
  <thread>1</thread>
  <message>Send request successfully</message>
  <nestedLevel>1</nestedLevel>
</record>
<record>
  <date>2019-10-21T12:45:30</date>
  <millis>1571651130267</millis>
  <sequence>155</sequence>
  <level>END</level>
  <class>com.kms.katalon.core.logging.XmlKeywordLogger</class>
  <method>endKeyword</method>
  <thread>1</thread>
  <message>End action : response = sendRequest(findTestObject(\&amp;quot;Object Repository/Create users\&amp;quot;))</message>
  <nestedLevel>1</nestedLevel>
</record>
<record>
  <date>2019-10-21T12:45:30</date>
  <millis>1571651130267</millis>
  <sequence>156</sequence>
  <level>START</level>
  <class>com.kms.katalon.core.logging.XmlKeywordLogger</class>
  <method>startKeyword</method>
  <thread>1</thread>
  <message>Start action : verifyResponseStatusCode(response, 201)</message>
  <nestedLevel>1</nestedLevel>
  <property name="startLine">18</property>
  <property name="stepIndex">2</property>
</record>
<record>
  <date>2019-10-21T12:45:30</date>
  <millis>1571651130269</millis>
  <sequence>158</sequence>
  <level>PASSED</level>
  <class>com.kms.katalon.core.logging.XmlKeywordLogger</class>
  <method>logMessage</method>
  <thread>1</thread>
  <message>Verify response status code successfully</message>
  <nestedLevel>1</nestedLevel>
</record>
<record>
  <date>2019-10-21T12:45:30</date>
  <millis>1571651130269</millis>
  <sequence>159</sequence>
  <level>END</level>
  <class>com.kms.katalon.core.logging.XmlKeywordLogger</class>
  <method>endKeyword</method>
  <thread>1</thread>
  <message>End action : verifyResponseStatusCode(response, 201)</message>
  <nestedLevel>1</nestedLevel>
</record>
<record>
  <date>2019-10-21T12:45:30</date>
  <millis>1571651130269</millis>
  <sequence>160</sequence>
  <level>PASSED</level>
  <class>com.kms.katalon.core.logging.XmlKeywordLogger</class>
  <method>logMessage</method>
  <thread>1</thread>
  <message>Test Cases/User(GET_POST)</message>
  <nestedLevel>1</nestedLevel>
</record>
<record>
  <date>2019-10-21T12:45:30</date>
  <millis>1571651130269</millis>
  <sequence>161</sequence>
  <level>END</level>
  <class>com.kms.katalon.core.logging.XmlKeywordLogger</class>
  <method>endTest</method>
  <thread>1</thread>
  <message>End Test Case : Test Cases/User(GET_POST)</message>
  <nestedLevel>0</nestedLevel>
</record>
<record>
  <date>2019-10-21T12:45:30</date>
  <millis>1571651130270</millis>
  <sequence>162</sequence>
  <level>START</level>
  <class>com.kms.katalon.core.logging.XmlKeywordLogger</class>
  <method>startKeyword</method>
  <thread>1</thread>
  <message>Start listener action : exportKatalonReports</message>
  <nestedLevel>0</nestedLevel>
</record>
<record>
  <date>2019-10-21T12:45:30</date>
  <millis>1571651130439</millis>
  <sequence>306</sequence>
  <level>INFO</level>
  <class>com.kms.katalon.core.logging.XmlKeywordLogger</class>
  <method>logMessage</method>
  <thread>1</thread>
  <message>Start generating HTML report folder at: C:\\Users\\vladi\\Katalon Studio\\APITest\\Reports\\20191021_124524\\1\\20191021_124524...</message>
  <nestedLevel>0</nestedLevel>
</record>
<record>
  <date>2019-10-21T12:45:30</date>
  <millis>1571651130455</millis>
  <sequence>307</sequence>
  <level>INFO</level>
  <class>com.kms.katalon.core.logging.XmlKeywordLogger</class>
  <method>logMessage</method>
  <thread>1</thread>
  <message>HTML report generated</message>
  <nestedLevel>0</nestedLevel>
</record>
<record>
  <date>2019-10-21T12:45:30</date>
  <millis>1571651130456</millis>
  <sequence>308</sequence>
  <level>INFO</level>
  <class>com.kms.katalon.core.logging.XmlKeywordLogger</class>
  <method>logMessage</method>
  <thread>1</thread>
  <message>Start generating CSV report folder at: C:\\Users\\vladi\\Katalon Studio\\APITest\\Reports\\20191021_124524\\1\\20191021_124524...</message>
  <nestedLevel>0</nestedLevel>
</record>
<record>
  <date>2019-10-21T12:45:30</date>
  <millis>1571651130483</millis>
  <sequence>309</sequence>
  <level>INFO</level>
  <class>com.kms.katalon.core.logging.XmlKeywordLogger</class>
  <method>logMessage</method>
  <thread>1</thread>
  <message>CSV report generated</message>
  <nestedLevel>0</nestedLevel>
</record>
<record>
  <date>2019-10-21T12:45:30</date>
  <millis>1571651130484</millis>
  <sequence>310</sequence>
  <level>INFO</level>
  <class>com.kms.katalon.core.logging.XmlKeywordLogger</class>
  <method>logMessage</method>
  <thread>1</thread>
  <message>Start generating JUnit report folder at: C:\\Users\\vladi\\Katalon Studio\\APITest\\Reports\\20191021_124524\\1\\20191021_124524...</message>
  <nestedLevel>0</nestedLevel>
</record>
<record>
  <date>2019-10-21T12:45:30</date>
  <millis>1571651130752</millis>
  <sequence>311</sequence>
  <level>INFO</level>
  <class>com.kms.katalon.core.logging.XmlKeywordLogger</class>
  <method>logMessage</method>
  <thread>1</thread>
  <message>JUnit report generated</message>
  <nestedLevel>0</nestedLevel>
</record>
<record>
  <date>2019-10-21T12:45:30</date>
  <millis>1571651130752</millis>
  <sequence>313</sequence>
  <level>END</level>
  <class>com.kms.katalon.core.logging.XmlKeywordLogger</class>
  <method>endKeyword</method>
  <thread>1</thread>
  <message>End listener action : exportKatalonReports</message>
  <nestedLevel>0</nestedLevel>
</record>
<record>
  <date>2019-10-21T12:45:30</date>
  <millis>1571651130797</millis>
  <sequence>314</sequence>
  <level>END</level>
  <class>com.kms.katalon.core.logging.XmlKeywordLogger</class>
  <method>endSuite</method>
  <thread>1</thread>
  <message>End Test Suite : Test Suites/1</message>
  <nestedLevel>0</nestedLevel>
</record>
</log>