<?xml version="1.0" encoding="UTF-8" standalone="no"?>
<!DOCTYPE log SYSTEM "logger.dtd">
<log>
<record>
  <date>2019-10-21T12:31:38</date>
  <millis>1571650298767</millis>
  <sequence>0</sequence>
  <level>START</level>
  <class>com.kms.katalon.core.logging.XmlKeywordLogger</class>
  <method>startSuite</method>
  <thread>1</thread>
  <message>Start Test Suite : Test Suites/1</message>
  <nestedLevel>0</nestedLevel>
  <property name="name">1</property>
  <property name="description"></property>
  <property name="id">Test Suites/1</property>
</record>
<record>
  <date>2019-10-21T12:31:38</date>
  <millis>1571650298782</millis>
  <sequence>1</sequence>
  <level>RUN_DATA</level>
  <class>com.kms.katalon.core.logging.XmlKeywordLogger</class>
  <method>logMessage</method>
  <thread>1</thread>
  <message>hostName = vladi - DESKTOP-728KFTB</message>
  <nestedLevel>0</nestedLevel>
  <property name="hostName">vladi - DESKTOP-728KFTB</property>
</record>
<record>
  <date>2019-10-21T12:31:38</date>
  <millis>1571650298784</millis>
  <sequence>2</sequence>
  <level>RUN_DATA</level>
  <class>com.kms.katalon.core.logging.XmlKeywordLogger</class>
  <method>logMessage</method>
  <thread>1</thread>
  <message>os = Windows 10 64bit</message>
  <nestedLevel>0</nestedLevel>
  <property name="os">Windows 10 64bit</property>
</record>
<record>
  <date>2019-10-21T12:31:38</date>
  <millis>1571650298785</millis>
  <sequence>3</sequence>
  <level>RUN_DATA</level>
  <class>com.kms.katalon.core.logging.XmlKeywordLogger</class>
  <method>logMessage</method>
  <thread>1</thread>
  <message>hostAddress = 10.1.4.106</message>
  <nestedLevel>0</nestedLevel>
  <property name="hostAddress">10.1.4.106</property>
</record>
<record>
  <date>2019-10-21T12:31:38</date>
  <millis>1571650298786</millis>
  <sequence>4</sequence>
  <level>RUN_DATA</level>
  <class>com.kms.katalon.core.logging.XmlKeywordLogger</class>
  <method>logMessage</method>
  <thread>1</thread>
  <message>katalonVersion = 6.3.3.11</message>
  <nestedLevel>0</nestedLevel>
  <property name="katalonVersion">6.3.3.11</property>
</record>
<record>
  <date>2019-10-21T12:31:39</date>
  <millis>1571650299074</millis>
  <sequence>5</sequence>
  <level>START</level>
  <class>com.kms.katalon.core.logging.XmlKeywordLogger</class>
  <method>startTest</method>
  <thread>1</thread>
  <message>Start Test Case : Test Cases/User(GET_POST)</message>
  <nestedLevel>1</nestedLevel>
  <property name="name">Test Cases/User(GET_POST)</property>
  <property name="description"></property>
  <property name="id">Test Cases/User(GET_POST)</property>
  <property name="source">C:\\Users\\vladi\\Katalon Studio\\APITest\\Test Cases\\User(GET_POST).tc</property>
  <property name="tag"></property>
  <property name="isOptional">false</property>
</record>
<record>
  <date>2019-10-21T12:31:39</date>
  <millis>1571650299098</millis>
  <sequence>7</sequence>
  <level>INFO</level>
  <class>com.kms.katalon.core.logging.XmlKeywordLogger</class>
  <method>logMessage</method>
  <thread>1</thread>
  <message>Title = Test</message>
  <nestedLevel>1</nestedLevel>
</record>
<record>
  <date>2019-10-21T12:31:39</date>
  <millis>1571650299099</millis>
  <sequence>8</sequence>
  <level>INFO</level>
  <class>com.kms.katalon.core.logging.XmlKeywordLogger</class>
  <method>logMessage</method>
  <thread>1</thread>
  <message>author = Vla</message>
  <nestedLevel>1</nestedLevel>
</record>
<record>
  <date>2019-10-21T12:31:39</date>
  <millis>1571650299099</millis>
  <sequence>9</sequence>
  <level>INFO</level>
  <class>com.kms.katalon.core.logging.XmlKeywordLogger</class>
  <method>logMessage</method>
  <thread>1</thread>
  <message>Test = 1</message>
  <nestedLevel>1</nestedLevel>
</record>
<record>
  <date>2019-10-21T12:31:39</date>
  <millis>1571650299340</millis>
  <sequence>10</sequence>
  <level>START</level>
  <class>com.kms.katalon.core.logging.XmlKeywordLogger</class>
  <method>startKeyword</method>
  <thread>1</thread>
  <message>Start action : response = sendRequest(findTestObject(\&amp;quot;Object Repository/Create users\&amp;quot;))</message>
  <nestedLevel>1</nestedLevel>
  <property name="startLine">16</property>
  <property name="stepIndex">1</property>
</record>
<record>
  <date>2019-10-21T12:31:41</date>
  <millis>1571650301293</millis>
  <sequence>25</sequence>
  <level>INFO</level>
  <class>com.kms.katalon.core.logging.XmlKeywordLogger</class>
  <method>logMessage</method>
  <thread>1</thread>
  <message>HAR: C:\\Users\\vladi\\Katalon Studio\\APITest\\Reports\\20191021_123137\\1\\20191021_123137\\requests\\main\\0.har</message>
  <nestedLevel>1</nestedLevel>
  <property name="harId">b4a1428e-b68a-4389-a78e-47029c334332</property>
</record>
<record>
  <date>2019-10-21T12:31:41</date>
  <millis>1571650301365</millis>
  <sequence>26</sequence>
  <level>PASSED</level>
  <class>com.kms.katalon.core.logging.XmlKeywordLogger</class>
  <method>logMessage</method>
  <thread>1</thread>
  <message>Send request successfully</message>
  <nestedLevel>1</nestedLevel>
</record>
<record>
  <date>2019-10-21T12:31:41</date>
  <millis>1571650301366</millis>
  <sequence>27</sequence>
  <level>END</level>
  <class>com.kms.katalon.core.logging.XmlKeywordLogger</class>
  <method>endKeyword</method>
  <thread>1</thread>
  <message>End action : response = sendRequest(findTestObject(\&amp;quot;Object Repository/Create users\&amp;quot;))</message>
  <nestedLevel>1</nestedLevel>
</record>
<record>
  <date>2019-10-21T12:31:41</date>
  <millis>1571650301366</millis>
  <sequence>28</sequence>
  <level>START</level>
  <class>com.kms.katalon.core.logging.XmlKeywordLogger</class>
  <method>startKeyword</method>
  <thread>1</thread>
  <message>Start action : verifyResponseStatusCode(response, 201)</message>
  <nestedLevel>1</nestedLevel>
  <property name="startLine">18</property>
  <property name="stepIndex">2</property>
</record>
<record>
  <date>2019-10-21T12:31:41</date>
  <millis>1571650301378</millis>
  <sequence>30</sequence>
  <level>PASSED</level>
  <class>com.kms.katalon.core.logging.XmlKeywordLogger</class>
  <method>logMessage</method>
  <thread>1</thread>
  <message>Verify response status code successfully</message>
  <nestedLevel>1</nestedLevel>
</record>
<record>
  <date>2019-10-21T12:31:41</date>
  <millis>1571650301378</millis>
  <sequence>31</sequence>
  <level>END</level>
  <class>com.kms.katalon.core.logging.XmlKeywordLogger</class>
  <method>endKeyword</method>
  <thread>1</thread>
  <message>End action : verifyResponseStatusCode(response, 201)</message>
  <nestedLevel>1</nestedLevel>
</record>
<record>
  <date>2019-10-21T12:31:41</date>
  <millis>1571650301379</millis>
  <sequence>32</sequence>
  <level>START</level>
  <class>com.kms.katalon.core.logging.XmlKeywordLogger</class>
  <method>startKeyword</method>
  <thread>1</thread>
  <message>Start action : verifyElementPropertyValue(response, \&amp;quot;title\&amp;quot;, findTestData(\&amp;quot;REST\&amp;quot;).getValue(1, 1))</message>
  <nestedLevel>1</nestedLevel>
  <property name="startLine">20</property>
  <property name="stepIndex">3</property>
</record>
<record>
  <date>2019-10-21T12:31:41</date>
  <millis>1571650301486</millis>
  <sequence>38</sequence>
  <level>PASSED</level>
  <class>com.kms.katalon.core.logging.XmlKeywordLogger</class>
  <method>logMessage</method>
  <thread>1</thread>
  <message>Verify element property value successfully</message>
  <nestedLevel>1</nestedLevel>
</record>
<record>
  <date>2019-10-21T12:31:41</date>
  <millis>1571650301487</millis>
  <sequence>39</sequence>
  <level>END</level>
  <class>com.kms.katalon.core.logging.XmlKeywordLogger</class>
  <method>endKeyword</method>
  <thread>1</thread>
  <message>End action : verifyElementPropertyValue(response, \&amp;quot;title\&amp;quot;, findTestData(\&amp;quot;REST\&amp;quot;).getValue(1, 1))</message>
  <nestedLevel>1</nestedLevel>
</record>
<record>
  <date>2019-10-21T12:31:41</date>
  <millis>1571650301487</millis>
  <sequence>40</sequence>
  <level>START</level>
  <class>com.kms.katalon.core.logging.XmlKeywordLogger</class>
  <method>startKeyword</method>
  <thread>1</thread>
  <message>Start action : verifyElementPropertyValue(response, \&amp;quot;author\&amp;quot;, findTestData(\&amp;quot;REST\&amp;quot;).getValue(2, 1))</message>
  <nestedLevel>1</nestedLevel>
  <property name="startLine">22</property>
  <property name="stepIndex">4</property>
</record>
<record>
  <date>2019-10-21T12:31:41</date>
  <millis>1571650301525</millis>
  <sequence>46</sequence>
  <level>PASSED</level>
  <class>com.kms.katalon.core.logging.XmlKeywordLogger</class>
  <method>logMessage</method>
  <thread>1</thread>
  <message>Verify element property value successfully</message>
  <nestedLevel>1</nestedLevel>
</record>
<record>
  <date>2019-10-21T12:31:41</date>
  <millis>1571650301526</millis>
  <sequence>47</sequence>
  <level>END</level>
  <class>com.kms.katalon.core.logging.XmlKeywordLogger</class>
  <method>endKeyword</method>
  <thread>1</thread>
  <message>End action : verifyElementPropertyValue(response, \&amp;quot;author\&amp;quot;, findTestData(\&amp;quot;REST\&amp;quot;).getValue(2, 1))</message>
  <nestedLevel>1</nestedLevel>
</record>
<record>
  <date>2019-10-21T12:31:41</date>
  <millis>1571650301527</millis>
  <sequence>48</sequence>
  <level>START</level>
  <class>com.kms.katalon.core.logging.XmlKeywordLogger</class>
  <method>startKeyword</method>
  <thread>1</thread>
  <message>Start action : response = sendRequest(findTestObject(\&amp;quot;GETs user\&amp;quot;))</message>
  <nestedLevel>1</nestedLevel>
  <property name="startLine">24</property>
  <property name="stepIndex">5</property>
</record>
<record>
  <date>2019-10-21T12:31:41</date>
  <millis>1571650301598</millis>
  <sequence>51</sequence>
  <level>INFO</level>
  <class>com.kms.katalon.core.logging.XmlKeywordLogger</class>
  <method>logMessage</method>
  <thread>1</thread>
  <message>HAR: C:\\Users\\vladi\\Katalon Studio\\APITest\\Reports\\20191021_123137\\1\\20191021_123137\\requests\\main\\1.har</message>
  <nestedLevel>1</nestedLevel>
  <property name="harId">b07e5bea-5605-4542-b5c5-b7b81dfe74dd</property>
</record>
<record>
  <date>2019-10-21T12:31:41</date>
  <millis>1571650301600</millis>
  <sequence>52</sequence>
  <level>PASSED</level>
  <class>com.kms.katalon.core.logging.XmlKeywordLogger</class>
  <method>logMessage</method>
  <thread>1</thread>
  <message>Send request successfully</message>
  <nestedLevel>1</nestedLevel>
</record>
<record>
  <date>2019-10-21T12:31:41</date>
  <millis>1571650301602</millis>
  <sequence>53</sequence>
  <level>END</level>
  <class>com.kms.katalon.core.logging.XmlKeywordLogger</class>
  <method>endKeyword</method>
  <thread>1</thread>
  <message>End action : response = sendRequest(findTestObject(\&amp;quot;GETs user\&amp;quot;))</message>
  <nestedLevel>1</nestedLevel>
</record>
<record>
  <date>2019-10-21T12:31:41</date>
  <millis>1571650301602</millis>
  <sequence>54</sequence>
  <level>START</level>
  <class>com.kms.katalon.core.logging.XmlKeywordLogger</class>
  <method>startKeyword</method>
  <thread>1</thread>
  <message>Start action : containsString(response, findTestData(\&amp;quot;REST\&amp;quot;).getValue(1, 1), false)</message>
  <nestedLevel>1</nestedLevel>
  <property name="startLine">26</property>
  <property name="stepIndex">6</property>
</record>
<record>
  <date>2019-10-21T12:31:41</date>
  <millis>1571650301630</millis>
  <sequence>61</sequence>
  <level>PASSED</level>
  <class>com.kms.katalon.core.logging.XmlKeywordLogger</class>
  <method>logMessage</method>
  <thread>1</thread>
  <message>Check contain string successfully</message>
  <nestedLevel>1</nestedLevel>
</record>
<record>
  <date>2019-10-21T12:31:41</date>
  <millis>1571650301631</millis>
  <sequence>62</sequence>
  <level>END</level>
  <class>com.kms.katalon.core.logging.XmlKeywordLogger</class>
  <method>endKeyword</method>
  <thread>1</thread>
  <message>End action : containsString(response, findTestData(\&amp;quot;REST\&amp;quot;).getValue(1, 1), false)</message>
  <nestedLevel>1</nestedLevel>
</record>
<record>
  <date>2019-10-21T12:31:41</date>
  <millis>1571650301631</millis>
  <sequence>63</sequence>
  <level>PASSED</level>
  <class>com.kms.katalon.core.logging.XmlKeywordLogger</class>
  <method>logMessage</method>
  <thread>1</thread>
  <message>Test Cases/User(GET_POST)</message>
  <nestedLevel>1</nestedLevel>
</record>
<record>
  <date>2019-10-21T12:31:41</date>
  <millis>1571650301632</millis>
  <sequence>64</sequence>
  <level>END</level>
  <class>com.kms.katalon.core.logging.XmlKeywordLogger</class>
  <method>endTest</method>
  <thread>1</thread>
  <message>End Test Case : Test Cases/User(GET_POST)</message>
  <nestedLevel>0</nestedLevel>
</record>
<record>
  <date>2019-10-21T12:31:41</date>
  <millis>1571650301675</millis>
  <sequence>65</sequence>
  <level>START</level>
  <class>com.kms.katalon.core.logging.XmlKeywordLogger</class>
  <method>startTest</method>
  <thread>1</thread>
  <message>Start Test Case : Test Cases/User(GET_POST)</message>
  <nestedLevel>1</nestedLevel>
  <property name="name">Test Cases/User(GET_POST)</property>
  <property name="description"></property>
  <property name="id">Test Cases/User(GET_POST)</property>
  <property name="source">C:\\Users\\vladi\\Katalon Studio\\APITest\\Test Cases\\User(GET_POST).tc</property>
  <property name="tag"></property>
  <property name="isOptional">false</property>
</record>
<record>
  <date>2019-10-21T12:31:41</date>
  <millis>1571650301685</millis>
  <sequence>67</sequence>
  <level>INFO</level>
  <class>com.kms.katalon.core.logging.XmlKeywordLogger</class>
  <method>logMessage</method>
  <thread>1</thread>
  <message>Title = Test1</message>
  <nestedLevel>1</nestedLevel>
</record>
<record>
  <date>2019-10-21T12:31:41</date>
  <millis>1571650301686</millis>
  <sequence>68</sequence>
  <level>INFO</level>
  <class>com.kms.katalon.core.logging.XmlKeywordLogger</class>
  <method>logMessage</method>
  <thread>1</thread>
  <message>author = Vlad</message>
  <nestedLevel>1</nestedLevel>
</record>
<record>
  <date>2019-10-21T12:31:41</date>
  <millis>1571650301686</millis>
  <sequence>69</sequence>
  <level>INFO</level>
  <class>com.kms.katalon.core.logging.XmlKeywordLogger</class>
  <method>logMessage</method>
  <thread>1</thread>
  <message>Test = 12</message>
  <nestedLevel>1</nestedLevel>
</record>
<record>
  <date>2019-10-21T12:31:41</date>
  <millis>1571650301687</millis>
  <sequence>70</sequence>
  <level>START</level>
  <class>com.kms.katalon.core.logging.XmlKeywordLogger</class>
  <method>startKeyword</method>
  <thread>1</thread>
  <message>Start action : response = sendRequest(findTestObject(\&amp;quot;Object Repository/Create users\&amp;quot;))</message>
  <nestedLevel>1</nestedLevel>
  <property name="startLine">16</property>
  <property name="stepIndex">1</property>
</record>
<record>
  <date>2019-10-21T12:31:41</date>
  <millis>1571650301994</millis>
  <sequence>85</sequence>
  <level>INFO</level>
  <class>com.kms.katalon.core.logging.XmlKeywordLogger</class>
  <method>logMessage</method>
  <thread>1</thread>
  <message>HAR: C:\\Users\\vladi\\Katalon Studio\\APITest\\Reports\\20191021_123137\\1\\20191021_123137\\requests\\main\\2.har</message>
  <nestedLevel>1</nestedLevel>
  <property name="harId">8b322288-d666-47d4-a109-f4fbec0f7935</property>
</record>
<record>
  <date>2019-10-21T12:31:41</date>
  <millis>1571650301996</millis>
  <sequence>86</sequence>
  <level>PASSED</level>
  <class>com.kms.katalon.core.logging.XmlKeywordLogger</class>
  <method>logMessage</method>
  <thread>1</thread>
  <message>Send request successfully</message>
  <nestedLevel>1</nestedLevel>
</record>
<record>
  <date>2019-10-21T12:31:41</date>
  <millis>1571650301996</millis>
  <sequence>87</sequence>
  <level>END</level>
  <class>com.kms.katalon.core.logging.XmlKeywordLogger</class>
  <method>endKeyword</method>
  <thread>1</thread>
  <message>End action : response = sendRequest(findTestObject(\&amp;quot;Object Repository/Create users\&amp;quot;))</message>
  <nestedLevel>1</nestedLevel>
</record>
<record>
  <date>2019-10-21T12:31:41</date>
  <millis>1571650301996</millis>
  <sequence>88</sequence>
  <level>START</level>
  <class>com.kms.katalon.core.logging.XmlKeywordLogger</class>
  <method>startKeyword</method>
  <thread>1</thread>
  <message>Start action : verifyResponseStatusCode(response, 201)</message>
  <nestedLevel>1</nestedLevel>
  <property name="startLine">18</property>
  <property name="stepIndex">2</property>
</record>
<record>
  <date>2019-10-21T12:31:41</date>
  <millis>1571650301998</millis>
  <sequence>90</sequence>
  <level>PASSED</level>
  <class>com.kms.katalon.core.logging.XmlKeywordLogger</class>
  <method>logMessage</method>
  <thread>1</thread>
  <message>Verify response status code successfully</message>
  <nestedLevel>1</nestedLevel>
</record>
<record>
  <date>2019-10-21T12:31:41</date>
  <millis>1571650301999</millis>
  <sequence>91</sequence>
  <level>END</level>
  <class>com.kms.katalon.core.logging.XmlKeywordLogger</class>
  <method>endKeyword</method>
  <thread>1</thread>
  <message>End action : verifyResponseStatusCode(response, 201)</message>
  <nestedLevel>1</nestedLevel>
</record>
<record>
  <date>2019-10-21T12:31:41</date>
  <millis>1571650301999</millis>
  <sequence>92</sequence>
  <level>START</level>
  <class>com.kms.katalon.core.logging.XmlKeywordLogger</class>
  <method>startKeyword</method>
  <thread>1</thread>
  <message>Start action : verifyElementPropertyValue(response, \&amp;quot;title\&amp;quot;, findTestData(\&amp;quot;REST\&amp;quot;).getValue(1, 1))</message>
  <nestedLevel>1</nestedLevel>
  <property name="startLine">20</property>
  <property name="stepIndex">3</property>
</record>
<record>
  <date>2019-10-21T12:31:42</date>
  <millis>1571650302027</millis>
  <sequence>98</sequence>
  <level>PASSED</level>
  <class>com.kms.katalon.core.logging.XmlKeywordLogger</class>
  <method>logMessage</method>
  <thread>1</thread>
  <message>Verify element property value successfully</message>
  <nestedLevel>1</nestedLevel>
</record>
<record>
  <date>2019-10-21T12:31:42</date>
  <millis>1571650302027</millis>
  <sequence>99</sequence>
  <level>END</level>
  <class>com.kms.katalon.core.logging.XmlKeywordLogger</class>
  <method>endKeyword</method>
  <thread>1</thread>
  <message>End action : verifyElementPropertyValue(response, \&amp;quot;title\&amp;quot;, findTestData(\&amp;quot;REST\&amp;quot;).getValue(1, 1))</message>
  <nestedLevel>1</nestedLevel>
</record>
<record>
  <date>2019-10-21T12:31:42</date>
  <millis>1571650302028</millis>
  <sequence>100</sequence>
  <level>START</level>
  <class>com.kms.katalon.core.logging.XmlKeywordLogger</class>
  <method>startKeyword</method>
  <thread>1</thread>
  <message>Start action : verifyElementPropertyValue(response, \&amp;quot;author\&amp;quot;, findTestData(\&amp;quot;REST\&amp;quot;).getValue(2, 1))</message>
  <nestedLevel>1</nestedLevel>
  <property name="startLine">22</property>
  <property name="stepIndex">4</property>
</record>
<record>
  <date>2019-10-21T12:31:42</date>
  <millis>1571650302051</millis>
  <sequence>106</sequence>
  <level>PASSED</level>
  <class>com.kms.katalon.core.logging.XmlKeywordLogger</class>
  <method>logMessage</method>
  <thread>1</thread>
  <message>Verify element property value successfully</message>
  <nestedLevel>1</nestedLevel>
</record>
<record>
  <date>2019-10-21T12:31:42</date>
  <millis>1571650302051</millis>
  <sequence>107</sequence>
  <level>END</level>
  <class>com.kms.katalon.core.logging.XmlKeywordLogger</class>
  <method>endKeyword</method>
  <thread>1</thread>
  <message>End action : verifyElementPropertyValue(response, \&amp;quot;author\&amp;quot;, findTestData(\&amp;quot;REST\&amp;quot;).getValue(2, 1))</message>
  <nestedLevel>1</nestedLevel>
</record>
<record>
  <date>2019-10-21T12:31:42</date>
  <millis>1571650302052</millis>
  <sequence>108</sequence>
  <level>START</level>
  <class>com.kms.katalon.core.logging.XmlKeywordLogger</class>
  <method>startKeyword</method>
  <thread>1</thread>
  <message>Start action : response = sendRequest(findTestObject(\&amp;quot;GETs user\&amp;quot;))</message>
  <nestedLevel>1</nestedLevel>
  <property name="startLine">24</property>
  <property name="stepIndex">5</property>
</record>
<record>
  <date>2019-10-21T12:31:42</date>
  <millis>1571650302117</millis>
  <sequence>111</sequence>
  <level>INFO</level>
  <class>com.kms.katalon.core.logging.XmlKeywordLogger</class>
  <method>logMessage</method>
  <thread>1</thread>
  <message>HAR: C:\\Users\\vladi\\Katalon Studio\\APITest\\Reports\\20191021_123137\\1\\20191021_123137\\requests\\main\\3.har</message>
  <nestedLevel>1</nestedLevel>
  <property name="harId">57771de9-46a0-4069-bf68-9780459424f5</property>
</record>
<record>
  <date>2019-10-21T12:31:42</date>
  <millis>1571650302118</millis>
  <sequence>112</sequence>
  <level>PASSED</level>
  <class>com.kms.katalon.core.logging.XmlKeywordLogger</class>
  <method>logMessage</method>
  <thread>1</thread>
  <message>Send request successfully</message>
  <nestedLevel>1</nestedLevel>
</record>
<record>
  <date>2019-10-21T12:31:42</date>
  <millis>1571650302119</millis>
  <sequence>113</sequence>
  <level>END</level>
  <class>com.kms.katalon.core.logging.XmlKeywordLogger</class>
  <method>endKeyword</method>
  <thread>1</thread>
  <message>End action : response = sendRequest(findTestObject(\&amp;quot;GETs user\&amp;quot;))</message>
  <nestedLevel>1</nestedLevel>
</record>
<record>
  <date>2019-10-21T12:31:42</date>
  <millis>1571650302119</millis>
  <sequence>114</sequence>
  <level>START</level>
  <class>com.kms.katalon.core.logging.XmlKeywordLogger</class>
  <method>startKeyword</method>
  <thread>1</thread>
  <message>Start action : containsString(response, findTestData(\&amp;quot;REST\&amp;quot;).getValue(1, 1), false)</message>
  <nestedLevel>1</nestedLevel>
  <property name="startLine">26</property>
  <property name="stepIndex">6</property>
</record>
<record>
  <date>2019-10-21T12:31:42</date>
  <millis>1571650302161</millis>
  <sequence>121</sequence>
  <level>PASSED</level>
  <class>com.kms.katalon.core.logging.XmlKeywordLogger</class>
  <method>logMessage</method>
  <thread>1</thread>
  <message>Check contain string successfully</message>
  <nestedLevel>1</nestedLevel>
</record>
<record>
  <date>2019-10-21T12:31:42</date>
  <millis>1571650302161</millis>
  <sequence>122</sequence>
  <level>END</level>
  <class>com.kms.katalon.core.logging.XmlKeywordLogger</class>
  <method>endKeyword</method>
  <thread>1</thread>
  <message>End action : containsString(response, findTestData(\&amp;quot;REST\&amp;quot;).getValue(1, 1), false)</message>
  <nestedLevel>1</nestedLevel>
</record>
<record>
  <date>2019-10-21T12:31:42</date>
  <millis>1571650302161</millis>
  <sequence>123</sequence>
  <level>PASSED</level>
  <class>com.kms.katalon.core.logging.XmlKeywordLogger</class>
  <method>logMessage</method>
  <thread>1</thread>
  <message>Test Cases/User(GET_POST)</message>
  <nestedLevel>1</nestedLevel>
</record>
<record>
  <date>2019-10-21T12:31:42</date>
  <millis>1571650302162</millis>
  <sequence>124</sequence>
  <level>END</level>
  <class>com.kms.katalon.core.logging.XmlKeywordLogger</class>
  <method>endTest</method>
  <thread>1</thread>
  <message>End Test Case : Test Cases/User(GET_POST)</message>
  <nestedLevel>0</nestedLevel>
</record>
<record>
  <date>2019-10-21T12:31:42</date>
  <millis>1571650302184</millis>
  <sequence>125</sequence>
  <level>START</level>
  <class>com.kms.katalon.core.logging.XmlKeywordLogger</class>
  <method>startTest</method>
  <thread>1</thread>
  <message>Start Test Case : Test Cases/User(GET_POST)</message>
  <nestedLevel>1</nestedLevel>
  <property name="name">Test Cases/User(GET_POST)</property>
  <property name="description"></property>
  <property name="id">Test Cases/User(GET_POST)</property>
  <property name="source">C:\\Users\\vladi\\Katalon Studio\\APITest\\Test Cases\\User(GET_POST).tc</property>
  <property name="tag"></property>
  <property name="isOptional">false</property>
</record>
<record>
  <date>2019-10-21T12:31:42</date>
  <millis>1571650302202</millis>
  <sequence>127</sequence>
  <level>INFO</level>
  <class>com.kms.katalon.core.logging.XmlKeywordLogger</class>
  <method>logMessage</method>
  <thread>1</thread>
  <message>Title = Test2</message>
  <nestedLevel>1</nestedLevel>
</record>
<record>
  <date>2019-10-21T12:31:42</date>
  <millis>1571650302202</millis>
  <sequence>128</sequence>
  <level>INFO</level>
  <class>com.kms.katalon.core.logging.XmlKeywordLogger</class>
  <method>logMessage</method>
  <thread>1</thread>
  <message>author = Not Vlad</message>
  <nestedLevel>1</nestedLevel>
</record>
<record>
  <date>2019-10-21T12:31:42</date>
  <millis>1571650302202</millis>
  <sequence>129</sequence>
  <level>INFO</level>
  <class>com.kms.katalon.core.logging.XmlKeywordLogger</class>
  <method>logMessage</method>
  <thread>1</thread>
  <message>Test = 13</message>
  <nestedLevel>1</nestedLevel>
</record>
<record>
  <date>2019-10-21T12:31:42</date>
  <millis>1571650302203</millis>
  <sequence>130</sequence>
  <level>START</level>
  <class>com.kms.katalon.core.logging.XmlKeywordLogger</class>
  <method>startKeyword</method>
  <thread>1</thread>
  <message>Start action : response = sendRequest(findTestObject(\&amp;quot;Object Repository/Create users\&amp;quot;))</message>
  <nestedLevel>1</nestedLevel>
  <property name="startLine">16</property>
  <property name="stepIndex">1</property>
</record>
<record>
  <date>2019-10-21T12:31:42</date>
  <millis>1571650302429</millis>
  <sequence>145</sequence>
  <level>INFO</level>
  <class>com.kms.katalon.core.logging.XmlKeywordLogger</class>
  <method>logMessage</method>
  <thread>1</thread>
  <message>HAR: C:\\Users\\vladi\\Katalon Studio\\APITest\\Reports\\20191021_123137\\1\\20191021_123137\\requests\\main\\4.har</message>
  <nestedLevel>1</nestedLevel>
  <property name="harId">399f9881-2fb1-4d80-8ce2-3c930574d0db</property>
</record>
<record>
  <date>2019-10-21T12:31:42</date>
  <millis>1571650302432</millis>
  <sequence>146</sequence>
  <level>PASSED</level>
  <class>com.kms.katalon.core.logging.XmlKeywordLogger</class>
  <method>logMessage</method>
  <thread>1</thread>
  <message>Send request successfully</message>
  <nestedLevel>1</nestedLevel>
</record>
<record>
  <date>2019-10-21T12:31:42</date>
  <millis>1571650302433</millis>
  <sequence>147</sequence>
  <level>END</level>
  <class>com.kms.katalon.core.logging.XmlKeywordLogger</class>
  <method>endKeyword</method>
  <thread>1</thread>
  <message>End action : response = sendRequest(findTestObject(\&amp;quot;Object Repository/Create users\&amp;quot;))</message>
  <nestedLevel>1</nestedLevel>
</record>
<record>
  <date>2019-10-21T12:31:42</date>
  <millis>1571650302433</millis>
  <sequence>148</sequence>
  <level>START</level>
  <class>com.kms.katalon.core.logging.XmlKeywordLogger</class>
  <method>startKeyword</method>
  <thread>1</thread>
  <message>Start action : verifyResponseStatusCode(response, 201)</message>
  <nestedLevel>1</nestedLevel>
  <property name="startLine">18</property>
  <property name="stepIndex">2</property>
</record>
<record>
  <date>2019-10-21T12:31:42</date>
  <millis>1571650302434</millis>
  <sequence>150</sequence>
  <level>PASSED</level>
  <class>com.kms.katalon.core.logging.XmlKeywordLogger</class>
  <method>logMessage</method>
  <thread>1</thread>
  <message>Verify response status code successfully</message>
  <nestedLevel>1</nestedLevel>
</record>
<record>
  <date>2019-10-21T12:31:42</date>
  <millis>1571650302435</millis>
  <sequence>151</sequence>
  <level>END</level>
  <class>com.kms.katalon.core.logging.XmlKeywordLogger</class>
  <method>endKeyword</method>
  <thread>1</thread>
  <message>End action : verifyResponseStatusCode(response, 201)</message>
  <nestedLevel>1</nestedLevel>
</record>
<record>
  <date>2019-10-21T12:31:42</date>
  <millis>1571650302436</millis>
  <sequence>152</sequence>
  <level>START</level>
  <class>com.kms.katalon.core.logging.XmlKeywordLogger</class>
  <method>startKeyword</method>
  <thread>1</thread>
  <message>Start action : verifyElementPropertyValue(response, \&amp;quot;title\&amp;quot;, findTestData(\&amp;quot;REST\&amp;quot;).getValue(1, 1))</message>
  <nestedLevel>1</nestedLevel>
  <property name="startLine">20</property>
  <property name="stepIndex">3</property>
</record>
<record>
  <date>2019-10-21T12:31:42</date>
  <millis>1571650302506</millis>
  <sequence>158</sequence>
  <level>PASSED</level>
  <class>com.kms.katalon.core.logging.XmlKeywordLogger</class>
  <method>logMessage</method>
  <thread>1</thread>
  <message>Verify element property value successfully</message>
  <nestedLevel>1</nestedLevel>
</record>
<record>
  <date>2019-10-21T12:31:42</date>
  <millis>1571650302508</millis>
  <sequence>159</sequence>
  <level>END</level>
  <class>com.kms.katalon.core.logging.XmlKeywordLogger</class>
  <method>endKeyword</method>
  <thread>1</thread>
  <message>End action : verifyElementPropertyValue(response, \&amp;quot;title\&amp;quot;, findTestData(\&amp;quot;REST\&amp;quot;).getValue(1, 1))</message>
  <nestedLevel>1</nestedLevel>
</record>
<record>
  <date>2019-10-21T12:31:42</date>
  <millis>1571650302508</millis>
  <sequence>160</sequence>
  <level>START</level>
  <class>com.kms.katalon.core.logging.XmlKeywordLogger</class>
  <method>startKeyword</method>
  <thread>1</thread>
  <message>Start action : verifyElementPropertyValue(response, \&amp;quot;author\&amp;quot;, findTestData(\&amp;quot;REST\&amp;quot;).getValue(2, 1))</message>
  <nestedLevel>1</nestedLevel>
  <property name="startLine">22</property>
  <property name="stepIndex">4</property>
</record>
<record>
  <date>2019-10-21T12:31:42</date>
  <millis>1571650302540</millis>
  <sequence>166</sequence>
  <level>PASSED</level>
  <class>com.kms.katalon.core.logging.XmlKeywordLogger</class>
  <method>logMessage</method>
  <thread>1</thread>
  <message>Verify element property value successfully</message>
  <nestedLevel>1</nestedLevel>
</record>
<record>
  <date>2019-10-21T12:31:42</date>
  <millis>1571650302541</millis>
  <sequence>167</sequence>
  <level>END</level>
  <class>com.kms.katalon.core.logging.XmlKeywordLogger</class>
  <method>endKeyword</method>
  <thread>1</thread>
  <message>End action : verifyElementPropertyValue(response, \&amp;quot;author\&amp;quot;, findTestData(\&amp;quot;REST\&amp;quot;).getValue(2, 1))</message>
  <nestedLevel>1</nestedLevel>
</record>
<record>
  <date>2019-10-21T12:31:42</date>
  <millis>1571650302541</millis>
  <sequence>168</sequence>
  <level>START</level>
  <class>com.kms.katalon.core.logging.XmlKeywordLogger</class>
  <method>startKeyword</method>
  <thread>1</thread>
  <message>Start action : response = sendRequest(findTestObject(\&amp;quot;GETs user\&amp;quot;))</message>
  <nestedLevel>1</nestedLevel>
  <property name="startLine">24</property>
  <property name="stepIndex">5</property>
</record>
<record>
  <date>2019-10-21T12:31:42</date>
  <millis>1571650302616</millis>
  <sequence>171</sequence>
  <level>INFO</level>
  <class>com.kms.katalon.core.logging.XmlKeywordLogger</class>
  <method>logMessage</method>
  <thread>1</thread>
  <message>HAR: C:\\Users\\vladi\\Katalon Studio\\APITest\\Reports\\20191021_123137\\1\\20191021_123137\\requests\\main\\5.har</message>
  <nestedLevel>1</nestedLevel>
  <property name="harId">46a861ca-f15f-47d6-ba9b-78a6bd87c5b0</property>
</record>
<record>
  <date>2019-10-21T12:31:42</date>
  <millis>1571650302618</millis>
  <sequence>172</sequence>
  <level>PASSED</level>
  <class>com.kms.katalon.core.logging.XmlKeywordLogger</class>
  <method>logMessage</method>
  <thread>1</thread>
  <message>Send request successfully</message>
  <nestedLevel>1</nestedLevel>
</record>
<record>
  <date>2019-10-21T12:31:42</date>
  <millis>1571650302618</millis>
  <sequence>173</sequence>
  <level>END</level>
  <class>com.kms.katalon.core.logging.XmlKeywordLogger</class>
  <method>endKeyword</method>
  <thread>1</thread>
  <message>End action : response = sendRequest(findTestObject(\&amp;quot;GETs user\&amp;quot;))</message>
  <nestedLevel>1</nestedLevel>
</record>
<record>
  <date>2019-10-21T12:31:42</date>
  <millis>1571650302618</millis>
  <sequence>174</sequence>
  <level>START</level>
  <class>com.kms.katalon.core.logging.XmlKeywordLogger</class>
  <method>startKeyword</method>
  <thread>1</thread>
  <message>Start action : containsString(response, findTestData(\&amp;quot;REST\&amp;quot;).getValue(1, 1), false)</message>
  <nestedLevel>1</nestedLevel>
  <property name="startLine">26</property>
  <property name="stepIndex">6</property>
</record>
<record>
  <date>2019-10-21T12:31:42</date>
  <millis>1571650302634</millis>
  <sequence>181</sequence>
  <level>PASSED</level>
  <class>com.kms.katalon.core.logging.XmlKeywordLogger</class>
  <method>logMessage</method>
  <thread>1</thread>
  <message>Check contain string successfully</message>
  <nestedLevel>1</nestedLevel>
</record>
<record>
  <date>2019-10-21T12:31:42</date>
  <millis>1571650302634</millis>
  <sequence>182</sequence>
  <level>END</level>
  <class>com.kms.katalon.core.logging.XmlKeywordLogger</class>
  <method>endKeyword</method>
  <thread>1</thread>
  <message>End action : containsString(response, findTestData(\&amp;quot;REST\&amp;quot;).getValue(1, 1), false)</message>
  <nestedLevel>1</nestedLevel>
</record>
<record>
  <date>2019-10-21T12:31:42</date>
  <millis>1571650302635</millis>
  <sequence>183</sequence>
  <level>PASSED</level>
  <class>com.kms.katalon.core.logging.XmlKeywordLogger</class>
  <method>logMessage</method>
  <thread>1</thread>
  <message>Test Cases/User(GET_POST)</message>
  <nestedLevel>1</nestedLevel>
</record>
<record>
  <date>2019-10-21T12:31:42</date>
  <millis>1571650302635</millis>
  <sequence>184</sequence>
  <level>END</level>
  <class>com.kms.katalon.core.logging.XmlKeywordLogger</class>
  <method>endTest</method>
  <thread>1</thread>
  <message>End Test Case : Test Cases/User(GET_POST)</message>
  <nestedLevel>0</nestedLevel>
</record>
<record>
  <date>2019-10-21T12:31:42</date>
  <millis>1571650302650</millis>
  <sequence>185</sequence>
  <level>START</level>
  <class>com.kms.katalon.core.logging.XmlKeywordLogger</class>
  <method>startTest</method>
  <thread>1</thread>
  <message>Start Test Case : Test Cases/User(GET_POST)</message>
  <nestedLevel>1</nestedLevel>
  <property name="name">Test Cases/User(GET_POST)</property>
  <property name="description"></property>
  <property name="id">Test Cases/User(GET_POST)</property>
  <property name="source">C:\\Users\\vladi\\Katalon Studio\\APITest\\Test Cases\\User(GET_POST).tc</property>
  <property name="tag"></property>
  <property name="isOptional">false</property>
</record>
<record>
  <date>2019-10-21T12:31:42</date>
  <millis>1571650302655</millis>
  <sequence>187</sequence>
  <level>INFO</level>
  <class>com.kms.katalon.core.logging.XmlKeywordLogger</class>
  <method>logMessage</method>
  <thread>1</thread>
  <message>Title = Trest3</message>
  <nestedLevel>1</nestedLevel>
</record>
<record>
  <date>2019-10-21T12:31:42</date>
  <millis>1571650302676</millis>
  <sequence>192</sequence>
  <level>INFO</level>
  <class>com.kms.katalon.core.logging.XmlKeywordLogger</class>
  <method>logMessage</method>
  <thread>1</thread>
  <message>(Default) author = Vla</message>
  <nestedLevel>1</nestedLevel>
</record>
<record>
  <date>2019-10-21T12:31:42</date>
  <millis>1571650302676</millis>
  <sequence>193</sequence>
  <level>INFO</level>
  <class>com.kms.katalon.core.logging.XmlKeywordLogger</class>
  <method>logMessage</method>
  <thread>1</thread>
  <message>Test = 14</message>
  <nestedLevel>1</nestedLevel>
</record>
<record>
  <date>2019-10-21T12:31:42</date>
  <millis>1571650302679</millis>
  <sequence>194</sequence>
  <level>START</level>
  <class>com.kms.katalon.core.logging.XmlKeywordLogger</class>
  <method>startKeyword</method>
  <thread>1</thread>
  <message>Start action : response = sendRequest(findTestObject(\&amp;quot;Object Repository/Create users\&amp;quot;))</message>
  <nestedLevel>1</nestedLevel>
  <property name="startLine">16</property>
  <property name="stepIndex">1</property>
</record>
<record>
  <date>2019-10-21T12:31:42</date>
  <millis>1571650302974</millis>
  <sequence>209</sequence>
  <level>INFO</level>
  <class>com.kms.katalon.core.logging.XmlKeywordLogger</class>
  <method>logMessage</method>
  <thread>1</thread>
  <message>HAR: C:\\Users\\vladi\\Katalon Studio\\APITest\\Reports\\20191021_123137\\1\\20191021_123137\\requests\\main\\6.har</message>
  <nestedLevel>1</nestedLevel>
  <property name="harId">331f6591-94d2-482c-a400-47aa04529184</property>
</record>
<record>
  <date>2019-10-21T12:31:42</date>
  <millis>1571650302976</millis>
  <sequence>210</sequence>
  <level>PASSED</level>
  <class>com.kms.katalon.core.logging.XmlKeywordLogger</class>
  <method>logMessage</method>
  <thread>1</thread>
  <message>Send request successfully</message>
  <nestedLevel>1</nestedLevel>
</record>
<record>
  <date>2019-10-21T12:31:42</date>
  <millis>1571650302976</millis>
  <sequence>211</sequence>
  <level>END</level>
  <class>com.kms.katalon.core.logging.XmlKeywordLogger</class>
  <method>endKeyword</method>
  <thread>1</thread>
  <message>End action : response = sendRequest(findTestObject(\&amp;quot;Object Repository/Create users\&amp;quot;))</message>
  <nestedLevel>1</nestedLevel>
</record>
<record>
  <date>2019-10-21T12:31:42</date>
  <millis>1571650302977</millis>
  <sequence>212</sequence>
  <level>START</level>
  <class>com.kms.katalon.core.logging.XmlKeywordLogger</class>
  <method>startKeyword</method>
  <thread>1</thread>
  <message>Start action : verifyResponseStatusCode(response, 201)</message>
  <nestedLevel>1</nestedLevel>
  <property name="startLine">18</property>
  <property name="stepIndex">2</property>
</record>
<record>
  <date>2019-10-21T12:31:42</date>
  <millis>1571650302978</millis>
  <sequence>214</sequence>
  <level>PASSED</level>
  <class>com.kms.katalon.core.logging.XmlKeywordLogger</class>
  <method>logMessage</method>
  <thread>1</thread>
  <message>Verify response status code successfully</message>
  <nestedLevel>1</nestedLevel>
</record>
<record>
  <date>2019-10-21T12:31:42</date>
  <millis>1571650302979</millis>
  <sequence>215</sequence>
  <level>END</level>
  <class>com.kms.katalon.core.logging.XmlKeywordLogger</class>
  <method>endKeyword</method>
  <thread>1</thread>
  <message>End action : verifyResponseStatusCode(response, 201)</message>
  <nestedLevel>1</nestedLevel>
</record>
<record>
  <date>2019-10-21T12:31:42</date>
  <millis>1571650302979</millis>
  <sequence>216</sequence>
  <level>START</level>
  <class>com.kms.katalon.core.logging.XmlKeywordLogger</class>
  <method>startKeyword</method>
  <thread>1</thread>
  <message>Start action : verifyElementPropertyValue(response, \&amp;quot;title\&amp;quot;, findTestData(\&amp;quot;REST\&amp;quot;).getValue(1, 1))</message>
  <nestedLevel>1</nestedLevel>
  <property name="startLine">20</property>
  <property name="stepIndex">3</property>
</record>
<record>
  <date>2019-10-21T12:31:43</date>
  <millis>1571650303018</millis>
  <sequence>222</sequence>
  <level>PASSED</level>
  <class>com.kms.katalon.core.logging.XmlKeywordLogger</class>
  <method>logMessage</method>
  <thread>1</thread>
  <message>Verify element property value successfully</message>
  <nestedLevel>1</nestedLevel>
</record>
<record>
  <date>2019-10-21T12:31:43</date>
  <millis>1571650303019</millis>
  <sequence>223</sequence>
  <level>END</level>
  <class>com.kms.katalon.core.logging.XmlKeywordLogger</class>
  <method>endKeyword</method>
  <thread>1</thread>
  <message>End action : verifyElementPropertyValue(response, \&amp;quot;title\&amp;quot;, findTestData(\&amp;quot;REST\&amp;quot;).getValue(1, 1))</message>
  <nestedLevel>1</nestedLevel>
</record>
<record>
  <date>2019-10-21T12:31:43</date>
  <millis>1571650303020</millis>
  <sequence>224</sequence>
  <level>START</level>
  <class>com.kms.katalon.core.logging.XmlKeywordLogger</class>
  <method>startKeyword</method>
  <thread>1</thread>
  <message>Start action : verifyElementPropertyValue(response, \&amp;quot;author\&amp;quot;, findTestData(\&amp;quot;REST\&amp;quot;).getValue(2, 1))</message>
  <nestedLevel>1</nestedLevel>
  <property name="startLine">22</property>
  <property name="stepIndex">4</property>
</record>
<record>
  <date>2019-10-21T12:31:43</date>
  <millis>1571650303068</millis>
  <sequence>230</sequence>
  <level>PASSED</level>
  <class>com.kms.katalon.core.logging.XmlKeywordLogger</class>
  <method>logMessage</method>
  <thread>1</thread>
  <message>Verify element property value successfully</message>
  <nestedLevel>1</nestedLevel>
</record>
<record>
  <date>2019-10-21T12:31:43</date>
  <millis>1571650303069</millis>
  <sequence>231</sequence>
  <level>END</level>
  <class>com.kms.katalon.core.logging.XmlKeywordLogger</class>
  <method>endKeyword</method>
  <thread>1</thread>
  <message>End action : verifyElementPropertyValue(response, \&amp;quot;author\&amp;quot;, findTestData(\&amp;quot;REST\&amp;quot;).getValue(2, 1))</message>
  <nestedLevel>1</nestedLevel>
</record>
<record>
  <date>2019-10-21T12:31:43</date>
  <millis>1571650303069</millis>
  <sequence>232</sequence>
  <level>START</level>
  <class>com.kms.katalon.core.logging.XmlKeywordLogger</class>
  <method>startKeyword</method>
  <thread>1</thread>
  <message>Start action : response = sendRequest(findTestObject(\&amp;quot;GETs user\&amp;quot;))</message>
  <nestedLevel>1</nestedLevel>
  <property name="startLine">24</property>
  <property name="stepIndex">5</property>
</record>
<record>
  <date>2019-10-21T12:31:43</date>
  <millis>1571650303157</millis>
  <sequence>235</sequence>
  <level>INFO</level>
  <class>com.kms.katalon.core.logging.XmlKeywordLogger</class>
  <method>logMessage</method>
  <thread>1</thread>
  <message>HAR: C:\\Users\\vladi\\Katalon Studio\\APITest\\Reports\\20191021_123137\\1\\20191021_123137\\requests\\main\\7.har</message>
  <nestedLevel>1</nestedLevel>
  <property name="harId">8c9a7b63-3af1-45a2-83e0-69e383b0a483</property>
</record>
<record>
  <date>2019-10-21T12:31:43</date>
  <millis>1571650303158</millis>
  <sequence>236</sequence>
  <level>PASSED</level>
  <class>com.kms.katalon.core.logging.XmlKeywordLogger</class>
  <method>logMessage</method>
  <thread>1</thread>
  <message>Send request successfully</message>
  <nestedLevel>1</nestedLevel>
</record>
<record>
  <date>2019-10-21T12:31:43</date>
  <millis>1571650303159</millis>
  <sequence>237</sequence>
  <level>END</level>
  <class>com.kms.katalon.core.logging.XmlKeywordLogger</class>
  <method>endKeyword</method>
  <thread>1</thread>
  <message>End action : response = sendRequest(findTestObject(\&amp;quot;GETs user\&amp;quot;))</message>
  <nestedLevel>1</nestedLevel>
</record>
<record>
  <date>2019-10-21T12:31:43</date>
  <millis>1571650303159</millis>
  <sequence>238</sequence>
  <level>START</level>
  <class>com.kms.katalon.core.logging.XmlKeywordLogger</class>
  <method>startKeyword</method>
  <thread>1</thread>
  <message>Start action : containsString(response, findTestData(\&amp;quot;REST\&amp;quot;).getValue(1, 1), false)</message>
  <nestedLevel>1</nestedLevel>
  <property name="startLine">26</property>
  <property name="stepIndex">6</property>
</record>
<record>
  <date>2019-10-21T12:31:43</date>
  <millis>1571650303179</millis>
  <sequence>245</sequence>
  <level>PASSED</level>
  <class>com.kms.katalon.core.logging.XmlKeywordLogger</class>
  <method>logMessage</method>
  <thread>1</thread>
  <message>Check contain string successfully</message>
  <nestedLevel>1</nestedLevel>
</record>
<record>
  <date>2019-10-21T12:31:43</date>
  <millis>1571650303181</millis>
  <sequence>246</sequence>
  <level>END</level>
  <class>com.kms.katalon.core.logging.XmlKeywordLogger</class>
  <method>endKeyword</method>
  <thread>1</thread>
  <message>End action : containsString(response, findTestData(\&amp;quot;REST\&amp;quot;).getValue(1, 1), false)</message>
  <nestedLevel>1</nestedLevel>
</record>
<record>
  <date>2019-10-21T12:31:43</date>
  <millis>1571650303182</millis>
  <sequence>247</sequence>
  <level>PASSED</level>
  <class>com.kms.katalon.core.logging.XmlKeywordLogger</class>
  <method>logMessage</method>
  <thread>1</thread>
  <message>Test Cases/User(GET_POST)</message>
  <nestedLevel>1</nestedLevel>
</record>
<record>
  <date>2019-10-21T12:31:43</date>
  <millis>1571650303183</millis>
  <sequence>248</sequence>
  <level>END</level>
  <class>com.kms.katalon.core.logging.XmlKeywordLogger</class>
  <method>endTest</method>
  <thread>1</thread>
  <message>End Test Case : Test Cases/User(GET_POST)</message>
  <nestedLevel>0</nestedLevel>
</record>
<record>
  <date>2019-10-21T12:31:43</date>
  <millis>1571650303192</millis>
  <sequence>249</sequence>
  <level>START</level>
  <class>com.kms.katalon.core.logging.XmlKeywordLogger</class>
  <method>startTest</method>
  <thread>1</thread>
  <message>Start Test Case : Test Cases/User(GET_POST)</message>
  <nestedLevel>1</nestedLevel>
  <property name="name">Test Cases/User(GET_POST)</property>
  <property name="description"></property>
  <property name="id">Test Cases/User(GET_POST)</property>
  <property name="source">C:\\Users\\vladi\\Katalon Studio\\APITest\\Test Cases\\User(GET_POST).tc</property>
  <property name="tag"></property>
  <property name="isOptional">false</property>
</record>
<record>
  <date>2019-10-21T12:31:43</date>
  <millis>1571650303269</millis>
  <sequence>255</sequence>
  <level>INFO</level>
  <class>com.kms.katalon.core.logging.XmlKeywordLogger</class>
  <method>logMessage</method>
  <thread>1</thread>
  <message>(Default) Title = Test</message>
  <nestedLevel>1</nestedLevel>
</record>
<record>
  <date>2019-10-21T12:31:43</date>
  <millis>1571650303291</millis>
  <sequence>260</sequence>
  <level>INFO</level>
  <class>com.kms.katalon.core.logging.XmlKeywordLogger</class>
  <method>logMessage</method>
  <thread>1</thread>
  <message>(Default) author = Vla</message>
  <nestedLevel>1</nestedLevel>
</record>
<record>
  <date>2019-10-21T12:31:43</date>
  <millis>1571650303291</millis>
  <sequence>261</sequence>
  <level>INFO</level>
  <class>com.kms.katalon.core.logging.XmlKeywordLogger</class>
  <method>logMessage</method>
  <thread>1</thread>
  <message>Test = 15</message>
  <nestedLevel>1</nestedLevel>
</record>
<record>
  <date>2019-10-21T12:31:43</date>
  <millis>1571650303292</millis>
  <sequence>262</sequence>
  <level>START</level>
  <class>com.kms.katalon.core.logging.XmlKeywordLogger</class>
  <method>startKeyword</method>
  <thread>1</thread>
  <message>Start action : response = sendRequest(findTestObject(\&amp;quot;Object Repository/Create users\&amp;quot;))</message>
  <nestedLevel>1</nestedLevel>
  <property name="startLine">16</property>
  <property name="stepIndex">1</property>
</record>
<record>
  <date>2019-10-21T12:31:43</date>
  <millis>1571650303549</millis>
  <sequence>277</sequence>
  <level>INFO</level>
  <class>com.kms.katalon.core.logging.XmlKeywordLogger</class>
  <method>logMessage</method>
  <thread>1</thread>
  <message>HAR: C:\\Users\\vladi\\Katalon Studio\\APITest\\Reports\\20191021_123137\\1\\20191021_123137\\requests\\main\\8.har</message>
  <nestedLevel>1</nestedLevel>
  <property name="harId">fff111dd-dc64-4628-931d-faa90d038e88</property>
</record>
<record>
  <date>2019-10-21T12:31:43</date>
  <millis>1571650303551</millis>
  <sequence>278</sequence>
  <level>PASSED</level>
  <class>com.kms.katalon.core.logging.XmlKeywordLogger</class>
  <method>logMessage</method>
  <thread>1</thread>
  <message>Send request successfully</message>
  <nestedLevel>1</nestedLevel>
</record>
<record>
  <date>2019-10-21T12:31:43</date>
  <millis>1571650303551</millis>
  <sequence>279</sequence>
  <level>END</level>
  <class>com.kms.katalon.core.logging.XmlKeywordLogger</class>
  <method>endKeyword</method>
  <thread>1</thread>
  <message>End action : response = sendRequest(findTestObject(\&amp;quot;Object Repository/Create users\&amp;quot;))</message>
  <nestedLevel>1</nestedLevel>
</record>
<record>
  <date>2019-10-21T12:31:43</date>
  <millis>1571650303551</millis>
  <sequence>280</sequence>
  <level>START</level>
  <class>com.kms.katalon.core.logging.XmlKeywordLogger</class>
  <method>startKeyword</method>
  <thread>1</thread>
  <message>Start action : verifyResponseStatusCode(response, 201)</message>
  <nestedLevel>1</nestedLevel>
  <property name="startLine">18</property>
  <property name="stepIndex">2</property>
</record>
<record>
  <date>2019-10-21T12:31:43</date>
  <millis>1571650303553</millis>
  <sequence>282</sequence>
  <level>PASSED</level>
  <class>com.kms.katalon.core.logging.XmlKeywordLogger</class>
  <method>logMessage</method>
  <thread>1</thread>
  <message>Verify response status code successfully</message>
  <nestedLevel>1</nestedLevel>
</record>
<record>
  <date>2019-10-21T12:31:43</date>
  <millis>1571650303553</millis>
  <sequence>283</sequence>
  <level>END</level>
  <class>com.kms.katalon.core.logging.XmlKeywordLogger</class>
  <method>endKeyword</method>
  <thread>1</thread>
  <message>End action : verifyResponseStatusCode(response, 201)</message>
  <nestedLevel>1</nestedLevel>
</record>
<record>
  <date>2019-10-21T12:31:43</date>
  <millis>1571650303553</millis>
  <sequence>284</sequence>
  <level>START</level>
  <class>com.kms.katalon.core.logging.XmlKeywordLogger</class>
  <method>startKeyword</method>
  <thread>1</thread>
  <message>Start action : verifyElementPropertyValue(response, \&amp;quot;title\&amp;quot;, findTestData(\&amp;quot;REST\&amp;quot;).getValue(1, 1))</message>
  <nestedLevel>1</nestedLevel>
  <property name="startLine">20</property>
  <property name="stepIndex">3</property>
</record>
<record>
  <date>2019-10-21T12:31:43</date>
  <millis>1571650303577</millis>
  <sequence>290</sequence>
  <level>PASSED</level>
  <class>com.kms.katalon.core.logging.XmlKeywordLogger</class>
  <method>logMessage</method>
  <thread>1</thread>
  <message>Verify element property value successfully</message>
  <nestedLevel>1</nestedLevel>
</record>
<record>
  <date>2019-10-21T12:31:43</date>
  <millis>1571650303578</millis>
  <sequence>291</sequence>
  <level>END</level>
  <class>com.kms.katalon.core.logging.XmlKeywordLogger</class>
  <method>endKeyword</method>
  <thread>1</thread>
  <message>End action : verifyElementPropertyValue(response, \&amp;quot;title\&amp;quot;, findTestData(\&amp;quot;REST\&amp;quot;).getValue(1, 1))</message>
  <nestedLevel>1</nestedLevel>
</record>
<record>
  <date>2019-10-21T12:31:43</date>
  <millis>1571650303578</millis>
  <sequence>292</sequence>
  <level>START</level>
  <class>com.kms.katalon.core.logging.XmlKeywordLogger</class>
  <method>startKeyword</method>
  <thread>1</thread>
  <message>Start action : verifyElementPropertyValue(response, \&amp;quot;author\&amp;quot;, findTestData(\&amp;quot;REST\&amp;quot;).getValue(2, 1))</message>
  <nestedLevel>1</nestedLevel>
  <property name="startLine">22</property>
  <property name="stepIndex">4</property>
</record>
<record>
  <date>2019-10-21T12:31:43</date>
  <millis>1571650303613</millis>
  <sequence>298</sequence>
  <level>PASSED</level>
  <class>com.kms.katalon.core.logging.XmlKeywordLogger</class>
  <method>logMessage</method>
  <thread>1</thread>
  <message>Verify element property value successfully</message>
  <nestedLevel>1</nestedLevel>
</record>
<record>
  <date>2019-10-21T12:31:43</date>
  <millis>1571650303614</millis>
  <sequence>299</sequence>
  <level>END</level>
  <class>com.kms.katalon.core.logging.XmlKeywordLogger</class>
  <method>endKeyword</method>
  <thread>1</thread>
  <message>End action : verifyElementPropertyValue(response, \&amp;quot;author\&amp;quot;, findTestData(\&amp;quot;REST\&amp;quot;).getValue(2, 1))</message>
  <nestedLevel>1</nestedLevel>
</record>
<record>
  <date>2019-10-21T12:31:43</date>
  <millis>1571650303614</millis>
  <sequence>300</sequence>
  <level>START</level>
  <class>com.kms.katalon.core.logging.XmlKeywordLogger</class>
  <method>startKeyword</method>
  <thread>1</thread>
  <message>Start action : response = sendRequest(findTestObject(\&amp;quot;GETs user\&amp;quot;))</message>
  <nestedLevel>1</nestedLevel>
  <property name="startLine">24</property>
  <property name="stepIndex">5</property>
</record>
<record>
  <date>2019-10-21T12:31:43</date>
  <millis>1571650303675</millis>
  <sequence>303</sequence>
  <level>INFO</level>
  <class>com.kms.katalon.core.logging.XmlKeywordLogger</class>
  <method>logMessage</method>
  <thread>1</thread>
  <message>HAR: C:\\Users\\vladi\\Katalon Studio\\APITest\\Reports\\20191021_123137\\1\\20191021_123137\\requests\\main\\9.har</message>
  <nestedLevel>1</nestedLevel>
  <property name="harId">f657eb36-89e7-4816-b4b4-d8c06b5df951</property>
</record>
<record>
  <date>2019-10-21T12:31:43</date>
  <millis>1571650303677</millis>
  <sequence>304</sequence>
  <level>PASSED</level>
  <class>com.kms.katalon.core.logging.XmlKeywordLogger</class>
  <method>logMessage</method>
  <thread>1</thread>
  <message>Send request successfully</message>
  <nestedLevel>1</nestedLevel>
</record>
<record>
  <date>2019-10-21T12:31:43</date>
  <millis>1571650303677</millis>
  <sequence>305</sequence>
  <level>END</level>
  <class>com.kms.katalon.core.logging.XmlKeywordLogger</class>
  <method>endKeyword</method>
  <thread>1</thread>
  <message>End action : response = sendRequest(findTestObject(\&amp;quot;GETs user\&amp;quot;))</message>
  <nestedLevel>1</nestedLevel>
</record>
<record>
  <date>2019-10-21T12:31:43</date>
  <millis>1571650303677</millis>
  <sequence>306</sequence>
  <level>START</level>
  <class>com.kms.katalon.core.logging.XmlKeywordLogger</class>
  <method>startKeyword</method>
  <thread>1</thread>
  <message>Start action : containsString(response, findTestData(\&amp;quot;REST\&amp;quot;).getValue(1, 1), false)</message>
  <nestedLevel>1</nestedLevel>
  <property name="startLine">26</property>
  <property name="stepIndex">6</property>
</record>
<record>
  <date>2019-10-21T12:31:43</date>
  <millis>1571650303690</millis>
  <sequence>313</sequence>
  <level>PASSED</level>
  <class>com.kms.katalon.core.logging.XmlKeywordLogger</class>
  <method>logMessage</method>
  <thread>1</thread>
  <message>Check contain string successfully</message>
  <nestedLevel>1</nestedLevel>
</record>
<record>
  <date>2019-10-21T12:31:43</date>
  <millis>1571650303691</millis>
  <sequence>314</sequence>
  <level>END</level>
  <class>com.kms.katalon.core.logging.XmlKeywordLogger</class>
  <method>endKeyword</method>
  <thread>1</thread>
  <message>End action : containsString(response, findTestData(\&amp;quot;REST\&amp;quot;).getValue(1, 1), false)</message>
  <nestedLevel>1</nestedLevel>
</record>
<record>
  <date>2019-10-21T12:31:43</date>
  <millis>1571650303691</millis>
  <sequence>315</sequence>
  <level>PASSED</level>
  <class>com.kms.katalon.core.logging.XmlKeywordLogger</class>
  <method>logMessage</method>
  <thread>1</thread>
  <message>Test Cases/User(GET_POST)</message>
  <nestedLevel>1</nestedLevel>
</record>
<record>
  <date>2019-10-21T12:31:43</date>
  <millis>1571650303691</millis>
  <sequence>316</sequence>
  <level>END</level>
  <class>com.kms.katalon.core.logging.XmlKeywordLogger</class>
  <method>endTest</method>
  <thread>1</thread>
  <message>End Test Case : Test Cases/User(GET_POST)</message>
  <nestedLevel>0</nestedLevel>
</record>
<record>
  <date>2019-10-21T12:31:43</date>
  <millis>1571650303691</millis>
  <sequence>317</sequence>
  <level>START</level>
  <class>com.kms.katalon.core.logging.XmlKeywordLogger</class>
  <method>startKeyword</method>
  <thread>1</thread>
  <message>Start listener action : exportKatalonReports</message>
  <nestedLevel>0</nestedLevel>
</record>
<record>
  <date>2019-10-21T12:31:43</date>
  <millis>1571650303838</millis>
  <sequence>591</sequence>
  <level>INFO</level>
  <class>com.kms.katalon.core.logging.XmlKeywordLogger</class>
  <method>logMessage</method>
  <thread>1</thread>
  <message>Start generating HTML report folder at: C:\\Users\\vladi\\Katalon Studio\\APITest\\Reports\\20191021_123137\\1\\20191021_123137...</message>
  <nestedLevel>0</nestedLevel>
</record>
<record>
  <date>2019-10-21T12:31:43</date>
  <millis>1571650303853</millis>
  <sequence>592</sequence>
  <level>INFO</level>
  <class>com.kms.katalon.core.logging.XmlKeywordLogger</class>
  <method>logMessage</method>
  <thread>1</thread>
  <message>HTML report generated</message>
  <nestedLevel>0</nestedLevel>
</record>
<record>
  <date>2019-10-21T12:31:43</date>
  <millis>1571650303854</millis>
  <sequence>593</sequence>
  <level>INFO</level>
  <class>com.kms.katalon.core.logging.XmlKeywordLogger</class>
  <method>logMessage</method>
  <thread>1</thread>
  <message>Start generating CSV report folder at: C:\\Users\\vladi\\Katalon Studio\\APITest\\Reports\\20191021_123137\\1\\20191021_123137...</message>
  <nestedLevel>0</nestedLevel>
</record>
<record>
  <date>2019-10-21T12:31:43</date>
  <millis>1571650303869</millis>
  <sequence>594</sequence>
  <level>INFO</level>
  <class>com.kms.katalon.core.logging.XmlKeywordLogger</class>
  <method>logMessage</method>
  <thread>1</thread>
  <message>CSV report generated</message>
  <nestedLevel>0</nestedLevel>
</record>
<record>
  <date>2019-10-21T12:31:43</date>
  <millis>1571650303869</millis>
  <sequence>595</sequence>
  <level>INFO</level>
  <class>com.kms.katalon.core.logging.XmlKeywordLogger</class>
  <method>logMessage</method>
  <thread>1</thread>
  <message>Start generating JUnit report folder at: C:\\Users\\vladi\\Katalon Studio\\APITest\\Reports\\20191021_123137\\1\\20191021_123137...</message>
  <nestedLevel>0</nestedLevel>
</record>
<record>
  <date>2019-10-21T12:31:44</date>
  <millis>1571650304111</millis>
  <sequence>596</sequence>
  <level>INFO</level>
  <class>com.kms.katalon.core.logging.XmlKeywordLogger</class>
  <method>logMessage</method>
  <thread>1</thread>
  <message>JUnit report generated</message>
  <nestedLevel>0</nestedLevel>
</record>
<record>
  <date>2019-10-21T12:31:44</date>
  <millis>1571650304111</millis>
  <sequence>598</sequence>
  <level>END</level>
  <class>com.kms.katalon.core.logging.XmlKeywordLogger</class>
  <method>endKeyword</method>
  <thread>1</thread>
  <message>End listener action : exportKatalonReports</message>
  <nestedLevel>0</nestedLevel>
</record>
<record>
  <date>2019-10-21T12:31:44</date>
  <millis>1571650304153</millis>
  <sequence>599</sequence>
  <level>END</level>
  <class>com.kms.katalon.core.logging.XmlKeywordLogger</class>
  <method>endSuite</method>
  <thread>1</thread>
  <message>End Test Suite : Test Suites/1</message>
  <nestedLevel>0</nestedLevel>
</record>
</log>